

Started GET "/" for 113.43.112.90 at 2016-03-25 04:42:12 +0000
Processing by Rails::WelcomeController#index as HTML
  Rendered /usr/local/rvm/gems/ruby-2.3.0/gems/railties-4.2.0.beta2/lib/rails/templates/rails/welcome/index.html.erb (6.2ms)
Completed 200 OK in 53ms (Views: 35.9ms | ActiveRecord: 0.0ms)


Started GET "/top" for 113.43.112.90 at 2016-03-25 04:58:17 +0000

ActionController::RoutingError (uninitialized constant HomeController):
  activesupport (4.2.0.beta2) lib/active_support/inflector/methods.rb:261:in `const_get'
  activesupport (4.2.0.beta2) lib/active_support/inflector/methods.rb:261:in `block in constantize'
  activesupport (4.2.0.beta2) lib/active_support/inflector/methods.rb:259:in `each'
  activesupport (4.2.0.beta2) lib/active_support/inflector/methods.rb:259:in `inject'
  activesupport (4.2.0.beta2) lib/active_support/inflector/methods.rb:259:in `constantize'
  actionpack (4.2.0.beta2) lib/action_dispatch/routing/route_set.rb:68:in `controller_reference'
  actionpack (4.2.0.beta2) lib/action_dispatch/routing/route_set.rb:58:in `controller'
  actionpack (4.2.0.beta2) lib/action_dispatch/routing/route_set.rb:37:in `serve'
  actionpack (4.2.0.beta2) lib/action_dispatch/journey/router.rb:43:in `block in serve'
  actionpack (4.2.0.beta2) lib/action_dispatch/journey/router.rb:30:in `each'
  actionpack (4.2.0.beta2) lib/action_dispatch/journey/router.rb:30:in `serve'
  actionpack (4.2.0.beta2) lib/action_dispatch/routing/route_set.rb:750:in `call'
  rack (1.6.4) lib/rack/etag.rb:24:in `call'
  rack (1.6.4) lib/rack/conditionalget.rb:25:in `call'
  rack (1.6.4) lib/rack/head.rb:13:in `call'
  actionpack (4.2.0.beta2) lib/action_dispatch/middleware/params_parser.rb:27:in `call'
  actionpack (4.2.0.beta2) lib/action_dispatch/middleware/flash.rb:257:in `call'
  rack (1.6.4) lib/rack/session/abstract/id.rb:225:in `context'
  rack (1.6.4) lib/rack/session/abstract/id.rb:220:in `call'
  actionpack (4.2.0.beta2) lib/action_dispatch/middleware/cookies.rb:558:in `call'
  activerecord (4.2.0.beta2) lib/active_record/query_cache.rb:36:in `call'
  activerecord (4.2.0.beta2) lib/active_record/connection_adapters/abstract/connection_pool.rb:645:in `call'
  activerecord (4.2.0.beta2) lib/active_record/migration.rb:378:in `call'
  actionpack (4.2.0.beta2) lib/action_dispatch/middleware/callbacks.rb:29:in `block in call'
  activesupport (4.2.0.beta2) lib/active_support/callbacks.rb:83:in `run_callbacks'
  actionpack (4.2.0.beta2) lib/action_dispatch/middleware/callbacks.rb:27:in `call'
  actionpack (4.2.0.beta2) lib/action_dispatch/middleware/reloader.rb:73:in `call'
  actionpack (4.2.0.beta2) lib/action_dispatch/middleware/remote_ip.rb:78:in `call'
  web-console (2.0.0) lib/action_dispatch/debug_exceptions.rb:18:in `middleware_call'
  web-console (2.0.0) lib/action_dispatch/debug_exceptions.rb:13:in `call'
  actionpack (4.2.0.beta2) lib/action_dispatch/middleware/show_exceptions.rb:30:in `call'
  railties (4.2.0.beta2) lib/rails/rack/logger.rb:38:in `call_app'
  railties (4.2.0.beta2) lib/rails/rack/logger.rb:20:in `block in call'
  activesupport (4.2.0.beta2) lib/active_support/tagged_logging.rb:68:in `block in tagged'
  activesupport (4.2.0.beta2) lib/active_support/tagged_logging.rb:26:in `tagged'
  activesupport (4.2.0.beta2) lib/active_support/tagged_logging.rb:68:in `tagged'
  railties (4.2.0.beta2) lib/rails/rack/logger.rb:20:in `call'
  actionpack (4.2.0.beta2) lib/action_dispatch/middleware/request_id.rb:21:in `call'
  rack (1.6.4) lib/rack/methodoverride.rb:22:in `call'
  rack (1.6.4) lib/rack/runtime.rb:18:in `call'
  activesupport (4.2.0.beta2) lib/active_support/cache/strategy/local_cache_middleware.rb:28:in `call'
  rack (1.6.4) lib/rack/lock.rb:17:in `call'
  actionpack (4.2.0.beta2) lib/action_dispatch/middleware/static.rb:103:in `call'
  rack (1.6.4) lib/rack/sendfile.rb:113:in `call'
  railties (4.2.0.beta2) lib/rails/engine.rb:514:in `call'
  railties (4.2.0.beta2) lib/rails/application.rb:161:in `call'
  rack (1.6.4) lib/rack/lock.rb:17:in `call'
  rack (1.6.4) lib/rack/content_length.rb:15:in `call'
  rack (1.6.4) lib/rack/handler/webrick.rb:88:in `service'
  /usr/local/rvm/rubies/ruby-2.3.0/lib/ruby/2.3.0/webrick/httpserver.rb:140:in `service'
  /usr/local/rvm/rubies/ruby-2.3.0/lib/ruby/2.3.0/webrick/httpserver.rb:96:in `run'
  /usr/local/rvm/rubies/ruby-2.3.0/lib/ruby/2.3.0/webrick/server.rb:296:in `block in start_thread'


  Rendered /usr/local/rvm/gems/ruby-2.3.0/gems/web-console-2.0.0/lib/action_dispatch/templates/rescues/_trace.html.erb (3.5ms)
  Rendered /usr/local/rvm/gems/ruby-2.3.0/gems/web-console-2.0.0/lib/action_dispatch/templates/routes/_route.html.erb (1.3ms)
  Rendered /usr/local/rvm/gems/ruby-2.3.0/gems/web-console-2.0.0/lib/action_dispatch/templates/routes/_table.html.erb (38.8ms)
  Rendered /usr/local/rvm/gems/ruby-2.3.0/gems/web-console-2.0.0/lib/action_dispatch/templates/rescues/_request_and_response.html.erb (1.3ms)
  Rendered /usr/local/rvm/gems/ruby-2.3.0/gems/web-console-2.0.0/lib/action_dispatch/templates/rescues/_web_console.html.erb (1.1ms)
  Rendered /usr/local/rvm/gems/ruby-2.3.0/gems/web-console-2.0.0/lib/action_dispatch/templates/rescues/routing_error.html.erb within rescues/layout (220.1ms)


Started GET "/top" for 113.43.112.90 at 2016-03-25 04:59:58 +0000

LoadError (Unable to autoload constant HomeController, expected /home/ubuntu/workspace/app/controllers/home_controller.rb to define it):
  activesupport (4.2.0.beta2) lib/active_support/dependencies.rb:482:in `load_missing_constant'
  activesupport (4.2.0.beta2) lib/active_support/dependencies.rb:180:in `const_missing'
  activesupport (4.2.0.beta2) lib/active_support/inflector/methods.rb:261:in `const_get'
  activesupport (4.2.0.beta2) lib/active_support/inflector/methods.rb:261:in `block in constantize'
  activesupport (4.2.0.beta2) lib/active_support/inflector/methods.rb:259:in `each'
  activesupport (4.2.0.beta2) lib/active_support/inflector/methods.rb:259:in `inject'
  activesupport (4.2.0.beta2) lib/active_support/inflector/methods.rb:259:in `constantize'
  activesupport (4.2.0.beta2) lib/active_support/dependencies.rb:553:in `get'
  activesupport (4.2.0.beta2) lib/active_support/dependencies.rb:584:in `constantize'
  actionpack (4.2.0.beta2) lib/action_dispatch/routing/route_set.rb:68:in `controller_reference'
  actionpack (4.2.0.beta2) lib/action_dispatch/routing/route_set.rb:58:in `controller'
  actionpack (4.2.0.beta2) lib/action_dispatch/routing/route_set.rb:37:in `serve'
  actionpack (4.2.0.beta2) lib/action_dispatch/journey/router.rb:43:in `block in serve'
  actionpack (4.2.0.beta2) lib/action_dispatch/journey/router.rb:30:in `each'
  actionpack (4.2.0.beta2) lib/action_dispatch/journey/router.rb:30:in `serve'
  actionpack (4.2.0.beta2) lib/action_dispatch/routing/route_set.rb:750:in `call'
  rack (1.6.4) lib/rack/etag.rb:24:in `call'
  rack (1.6.4) lib/rack/conditionalget.rb:25:in `call'
  rack (1.6.4) lib/rack/head.rb:13:in `call'
  actionpack (4.2.0.beta2) lib/action_dispatch/middleware/params_parser.rb:27:in `call'
  actionpack (4.2.0.beta2) lib/action_dispatch/middleware/flash.rb:257:in `call'
  rack (1.6.4) lib/rack/session/abstract/id.rb:225:in `context'
  rack (1.6.4) lib/rack/session/abstract/id.rb:220:in `call'
  actionpack (4.2.0.beta2) lib/action_dispatch/middleware/cookies.rb:558:in `call'
  activerecord (4.2.0.beta2) lib/active_record/query_cache.rb:36:in `call'
  activerecord (4.2.0.beta2) lib/active_record/connection_adapters/abstract/connection_pool.rb:645:in `call'
  activerecord (4.2.0.beta2) lib/active_record/migration.rb:378:in `call'
  actionpack (4.2.0.beta2) lib/action_dispatch/middleware/callbacks.rb:29:in `block in call'
  activesupport (4.2.0.beta2) lib/active_support/callbacks.rb:83:in `run_callbacks'
  actionpack (4.2.0.beta2) lib/action_dispatch/middleware/callbacks.rb:27:in `call'
  actionpack (4.2.0.beta2) lib/action_dispatch/middleware/reloader.rb:73:in `call'
  actionpack (4.2.0.beta2) lib/action_dispatch/middleware/remote_ip.rb:78:in `call'
  web-console (2.0.0) lib/action_dispatch/debug_exceptions.rb:18:in `middleware_call'
  web-console (2.0.0) lib/action_dispatch/debug_exceptions.rb:13:in `call'
  actionpack (4.2.0.beta2) lib/action_dispatch/middleware/show_exceptions.rb:30:in `call'
  railties (4.2.0.beta2) lib/rails/rack/logger.rb:38:in `call_app'
  railties (4.2.0.beta2) lib/rails/rack/logger.rb:20:in `block in call'
  activesupport (4.2.0.beta2) lib/active_support/tagged_logging.rb:68:in `block in tagged'
  activesupport (4.2.0.beta2) lib/active_support/tagged_logging.rb:26:in `tagged'
  activesupport (4.2.0.beta2) lib/active_support/tagged_logging.rb:68:in `tagged'
  railties (4.2.0.beta2) lib/rails/rack/logger.rb:20:in `call'
  actionpack (4.2.0.beta2) lib/action_dispatch/middleware/request_id.rb:21:in `call'
  rack (1.6.4) lib/rack/methodoverride.rb:22:in `call'
  rack (1.6.4) lib/rack/runtime.rb:18:in `call'
  activesupport (4.2.0.beta2) lib/active_support/cache/strategy/local_cache_middleware.rb:28:in `call'
  rack (1.6.4) lib/rack/lock.rb:17:in `call'
  actionpack (4.2.0.beta2) lib/action_dispatch/middleware/static.rb:103:in `call'
  rack (1.6.4) lib/rack/sendfile.rb:113:in `call'
  railties (4.2.0.beta2) lib/rails/engine.rb:514:in `call'
  railties (4.2.0.beta2) lib/rails/application.rb:161:in `call'
  rack (1.6.4) lib/rack/lock.rb:17:in `call'
  rack (1.6.4) lib/rack/content_length.rb:15:in `call'
  rack (1.6.4) lib/rack/handler/webrick.rb:88:in `service'
  /usr/local/rvm/rubies/ruby-2.3.0/lib/ruby/2.3.0/webrick/httpserver.rb:140:in `service'
  /usr/local/rvm/rubies/ruby-2.3.0/lib/ruby/2.3.0/webrick/httpserver.rb:96:in `run'
  /usr/local/rvm/rubies/ruby-2.3.0/lib/ruby/2.3.0/webrick/server.rb:296:in `block in start_thread'


  Rendered /usr/local/rvm/gems/ruby-2.3.0/gems/web-console-2.0.0/lib/action_dispatch/templates/rescues/_source.erb (5.1ms)
  Rendered /usr/local/rvm/gems/ruby-2.3.0/gems/web-console-2.0.0/lib/action_dispatch/templates/rescues/_trace.html.erb (8.2ms)
  Rendered /usr/local/rvm/gems/ruby-2.3.0/gems/web-console-2.0.0/lib/action_dispatch/templates/rescues/_request_and_response.html.erb (7.5ms)
  Rendered /usr/local/rvm/gems/ruby-2.3.0/gems/web-console-2.0.0/lib/action_dispatch/templates/rescues/_web_console.html.erb (1.4ms)
  Rendered /usr/local/rvm/gems/ruby-2.3.0/gems/web-console-2.0.0/lib/action_dispatch/templates/rescues/diagnostics.html.erb within rescues/layout (145.8ms)


Started GET "/top" for 113.43.112.90 at 2016-03-25 05:00:44 +0000

LoadError (Unable to autoload constant HomeController, expected /home/ubuntu/workspace/app/controllers/home_controller.rb to define it):
  activesupport (4.2.0.beta2) lib/active_support/dependencies.rb:482:in `load_missing_constant'
  activesupport (4.2.0.beta2) lib/active_support/dependencies.rb:180:in `const_missing'
  activesupport (4.2.0.beta2) lib/active_support/inflector/methods.rb:261:in `const_get'
  activesupport (4.2.0.beta2) lib/active_support/inflector/methods.rb:261:in `block in constantize'
  activesupport (4.2.0.beta2) lib/active_support/inflector/methods.rb:259:in `each'
  activesupport (4.2.0.beta2) lib/active_support/inflector/methods.rb:259:in `inject'
  activesupport (4.2.0.beta2) lib/active_support/inflector/methods.rb:259:in `constantize'
  activesupport (4.2.0.beta2) lib/active_support/dependencies.rb:553:in `get'
  activesupport (4.2.0.beta2) lib/active_support/dependencies.rb:584:in `constantize'
  actionpack (4.2.0.beta2) lib/action_dispatch/routing/route_set.rb:68:in `controller_reference'
  actionpack (4.2.0.beta2) lib/action_dispatch/routing/route_set.rb:58:in `controller'
  actionpack (4.2.0.beta2) lib/action_dispatch/routing/route_set.rb:37:in `serve'
  actionpack (4.2.0.beta2) lib/action_dispatch/journey/router.rb:43:in `block in serve'
  actionpack (4.2.0.beta2) lib/action_dispatch/journey/router.rb:30:in `each'
  actionpack (4.2.0.beta2) lib/action_dispatch/journey/router.rb:30:in `serve'
  actionpack (4.2.0.beta2) lib/action_dispatch/routing/route_set.rb:750:in `call'
  rack (1.6.4) lib/rack/etag.rb:24:in `call'
  rack (1.6.4) lib/rack/conditionalget.rb:25:in `call'
  rack (1.6.4) lib/rack/head.rb:13:in `call'
  actionpack (4.2.0.beta2) lib/action_dispatch/middleware/params_parser.rb:27:in `call'
  actionpack (4.2.0.beta2) lib/action_dispatch/middleware/flash.rb:257:in `call'
  rack (1.6.4) lib/rack/session/abstract/id.rb:225:in `context'
  rack (1.6.4) lib/rack/session/abstract/id.rb:220:in `call'
  actionpack (4.2.0.beta2) lib/action_dispatch/middleware/cookies.rb:558:in `call'
  activerecord (4.2.0.beta2) lib/active_record/query_cache.rb:36:in `call'
  activerecord (4.2.0.beta2) lib/active_record/connection_adapters/abstract/connection_pool.rb:645:in `call'
  activerecord (4.2.0.beta2) lib/active_record/migration.rb:378:in `call'
  actionpack (4.2.0.beta2) lib/action_dispatch/middleware/callbacks.rb:29:in `block in call'
  activesupport (4.2.0.beta2) lib/active_support/callbacks.rb:83:in `run_callbacks'
  actionpack (4.2.0.beta2) lib/action_dispatch/middleware/callbacks.rb:27:in `call'
  actionpack (4.2.0.beta2) lib/action_dispatch/middleware/reloader.rb:73:in `call'
  actionpack (4.2.0.beta2) lib/action_dispatch/middleware/remote_ip.rb:78:in `call'
  web-console (2.0.0) lib/action_dispatch/debug_exceptions.rb:18:in `middleware_call'
  web-console (2.0.0) lib/action_dispatch/debug_exceptions.rb:13:in `call'
  actionpack (4.2.0.beta2) lib/action_dispatch/middleware/show_exceptions.rb:30:in `call'
  railties (4.2.0.beta2) lib/rails/rack/logger.rb:38:in `call_app'
  railties (4.2.0.beta2) lib/rails/rack/logger.rb:20:in `block in call'
  activesupport (4.2.0.beta2) lib/active_support/tagged_logging.rb:68:in `block in tagged'
  activesupport (4.2.0.beta2) lib/active_support/tagged_logging.rb:26:in `tagged'
  activesupport (4.2.0.beta2) lib/active_support/tagged_logging.rb:68:in `tagged'
  railties (4.2.0.beta2) lib/rails/rack/logger.rb:20:in `call'
  actionpack (4.2.0.beta2) lib/action_dispatch/middleware/request_id.rb:21:in `call'
  rack (1.6.4) lib/rack/methodoverride.rb:22:in `call'
  rack (1.6.4) lib/rack/runtime.rb:18:in `call'
  activesupport (4.2.0.beta2) lib/active_support/cache/strategy/local_cache_middleware.rb:28:in `call'
  rack (1.6.4) lib/rack/lock.rb:17:in `call'
  actionpack (4.2.0.beta2) lib/action_dispatch/middleware/static.rb:103:in `call'
  rack (1.6.4) lib/rack/sendfile.rb:113:in `call'
  railties (4.2.0.beta2) lib/rails/engine.rb:514:in `call'
  railties (4.2.0.beta2) lib/rails/application.rb:161:in `call'
  rack (1.6.4) lib/rack/lock.rb:17:in `call'
  rack (1.6.4) lib/rack/content_length.rb:15:in `call'
  rack (1.6.4) lib/rack/handler/webrick.rb:88:in `service'
  /usr/local/rvm/rubies/ruby-2.3.0/lib/ruby/2.3.0/webrick/httpserver.rb:140:in `service'
  /usr/local/rvm/rubies/ruby-2.3.0/lib/ruby/2.3.0/webrick/httpserver.rb:96:in `run'
  /usr/local/rvm/rubies/ruby-2.3.0/lib/ruby/2.3.0/webrick/server.rb:296:in `block in start_thread'


  Rendered /usr/local/rvm/gems/ruby-2.3.0/gems/web-console-2.0.0/lib/action_dispatch/templates/rescues/_source.erb (7.1ms)
  Rendered /usr/local/rvm/gems/ruby-2.3.0/gems/web-console-2.0.0/lib/action_dispatch/templates/rescues/_trace.html.erb (3.0ms)
  Rendered /usr/local/rvm/gems/ruby-2.3.0/gems/web-console-2.0.0/lib/action_dispatch/templates/rescues/_request_and_response.html.erb (2.1ms)
  Rendered /usr/local/rvm/gems/ruby-2.3.0/gems/web-console-2.0.0/lib/action_dispatch/templates/rescues/_web_console.html.erb (1.2ms)
  Rendered /usr/local/rvm/gems/ruby-2.3.0/gems/web-console-2.0.0/lib/action_dispatch/templates/rescues/diagnostics.html.erb within rescues/layout (127.0ms)


Started GET "/" for 113.43.112.90 at 2016-03-25 05:02:59 +0000
Processing by Rails::WelcomeController#index as HTML
  Rendered /usr/local/rvm/gems/ruby-2.3.0/gems/railties-4.2.0.beta2/lib/rails/templates/rails/welcome/index.html.erb (0.1ms)
Completed 200 OK in 6ms (Views: 5.9ms | ActiveRecord: 0.0ms)


Started GET "/%EC%83%88%E3%85%94" for 113.43.112.90 at 2016-03-25 05:03:05 +0000

ActionController::RoutingError (No route matches [GET] "/%EC%83%88%E3%85%94"):
  web-console (2.0.0) lib/action_dispatch/debug_exceptions.rb:22:in `middleware_call'
  web-console (2.0.0) lib/action_dispatch/debug_exceptions.rb:13:in `call'
  actionpack (4.2.0.beta2) lib/action_dispatch/middleware/show_exceptions.rb:30:in `call'
  railties (4.2.0.beta2) lib/rails/rack/logger.rb:38:in `call_app'
  railties (4.2.0.beta2) lib/rails/rack/logger.rb:20:in `block in call'
  activesupport (4.2.0.beta2) lib/active_support/tagged_logging.rb:68:in `block in tagged'
  activesupport (4.2.0.beta2) lib/active_support/tagged_logging.rb:26:in `tagged'
  activesupport (4.2.0.beta2) lib/active_support/tagged_logging.rb:68:in `tagged'
  railties (4.2.0.beta2) lib/rails/rack/logger.rb:20:in `call'
  actionpack (4.2.0.beta2) lib/action_dispatch/middleware/request_id.rb:21:in `call'
  rack (1.6.4) lib/rack/methodoverride.rb:22:in `call'
  rack (1.6.4) lib/rack/runtime.rb:18:in `call'
  activesupport (4.2.0.beta2) lib/active_support/cache/strategy/local_cache_middleware.rb:28:in `call'
  rack (1.6.4) lib/rack/lock.rb:17:in `call'
  actionpack (4.2.0.beta2) lib/action_dispatch/middleware/static.rb:103:in `call'
  rack (1.6.4) lib/rack/sendfile.rb:113:in `call'
  railties (4.2.0.beta2) lib/rails/engine.rb:514:in `call'
  railties (4.2.0.beta2) lib/rails/application.rb:161:in `call'
  rack (1.6.4) lib/rack/lock.rb:17:in `call'
  rack (1.6.4) lib/rack/content_length.rb:15:in `call'
  rack (1.6.4) lib/rack/handler/webrick.rb:88:in `service'
  /usr/local/rvm/rubies/ruby-2.3.0/lib/ruby/2.3.0/webrick/httpserver.rb:140:in `service'
  /usr/local/rvm/rubies/ruby-2.3.0/lib/ruby/2.3.0/webrick/httpserver.rb:96:in `run'
  /usr/local/rvm/rubies/ruby-2.3.0/lib/ruby/2.3.0/webrick/server.rb:296:in `block in start_thread'


  Rendered /usr/local/rvm/gems/ruby-2.3.0/gems/web-console-2.0.0/lib/action_dispatch/templates/rescues/_trace.html.erb (2.2ms)
  Rendered /usr/local/rvm/gems/ruby-2.3.0/gems/web-console-2.0.0/lib/action_dispatch/templates/routes/_route.html.erb (1.3ms)
  Rendered /usr/local/rvm/gems/ruby-2.3.0/gems/web-console-2.0.0/lib/action_dispatch/templates/routes/_table.html.erb (1.7ms)
  Rendered /usr/local/rvm/gems/ruby-2.3.0/gems/web-console-2.0.0/lib/action_dispatch/templates/rescues/_request_and_response.html.erb (2.2ms)
  Rendered /usr/local/rvm/gems/ruby-2.3.0/gems/web-console-2.0.0/lib/action_dispatch/templates/rescues/_web_console.html.erb (1.7ms)
  Rendered /usr/local/rvm/gems/ruby-2.3.0/gems/web-console-2.0.0/lib/action_dispatch/templates/rescues/routing_error.html.erb within rescues/layout (166.4ms)


Started GET "/top" for 113.43.112.90 at 2016-03-25 05:03:35 +0000

LoadError (Unable to autoload constant HomeController, expected /home/ubuntu/workspace/app/controllers/home_controller.rb to define it):
  activesupport (4.2.0.beta2) lib/active_support/dependencies.rb:482:in `load_missing_constant'
  activesupport (4.2.0.beta2) lib/active_support/dependencies.rb:180:in `const_missing'
  activesupport (4.2.0.beta2) lib/active_support/inflector/methods.rb:261:in `const_get'
  activesupport (4.2.0.beta2) lib/active_support/inflector/methods.rb:261:in `block in constantize'
  activesupport (4.2.0.beta2) lib/active_support/inflector/methods.rb:259:in `each'
  activesupport (4.2.0.beta2) lib/active_support/inflector/methods.rb:259:in `inject'
  activesupport (4.2.0.beta2) lib/active_support/inflector/methods.rb:259:in `constantize'
  activesupport (4.2.0.beta2) lib/active_support/dependencies.rb:553:in `get'
  activesupport (4.2.0.beta2) lib/active_support/dependencies.rb:584:in `constantize'
  actionpack (4.2.0.beta2) lib/action_dispatch/routing/route_set.rb:68:in `controller_reference'
  actionpack (4.2.0.beta2) lib/action_dispatch/routing/route_set.rb:58:in `controller'
  actionpack (4.2.0.beta2) lib/action_dispatch/routing/route_set.rb:37:in `serve'
  actionpack (4.2.0.beta2) lib/action_dispatch/journey/router.rb:43:in `block in serve'
  actionpack (4.2.0.beta2) lib/action_dispatch/journey/router.rb:30:in `each'
  actionpack (4.2.0.beta2) lib/action_dispatch/journey/router.rb:30:in `serve'
  actionpack (4.2.0.beta2) lib/action_dispatch/routing/route_set.rb:750:in `call'
  rack (1.6.4) lib/rack/etag.rb:24:in `call'
  rack (1.6.4) lib/rack/conditionalget.rb:25:in `call'
  rack (1.6.4) lib/rack/head.rb:13:in `call'
  actionpack (4.2.0.beta2) lib/action_dispatch/middleware/params_parser.rb:27:in `call'
  actionpack (4.2.0.beta2) lib/action_dispatch/middleware/flash.rb:257:in `call'
  rack (1.6.4) lib/rack/session/abstract/id.rb:225:in `context'
  rack (1.6.4) lib/rack/session/abstract/id.rb:220:in `call'
  actionpack (4.2.0.beta2) lib/action_dispatch/middleware/cookies.rb:558:in `call'
  activerecord (4.2.0.beta2) lib/active_record/query_cache.rb:36:in `call'
  activerecord (4.2.0.beta2) lib/active_record/connection_adapters/abstract/connection_pool.rb:645:in `call'
  activerecord (4.2.0.beta2) lib/active_record/migration.rb:378:in `call'
  actionpack (4.2.0.beta2) lib/action_dispatch/middleware/callbacks.rb:29:in `block in call'
  activesupport (4.2.0.beta2) lib/active_support/callbacks.rb:83:in `run_callbacks'
  actionpack (4.2.0.beta2) lib/action_dispatch/middleware/callbacks.rb:27:in `call'
  actionpack (4.2.0.beta2) lib/action_dispatch/middleware/reloader.rb:73:in `call'
  actionpack (4.2.0.beta2) lib/action_dispatch/middleware/remote_ip.rb:78:in `call'
  web-console (2.0.0) lib/action_dispatch/debug_exceptions.rb:18:in `middleware_call'
  web-console (2.0.0) lib/action_dispatch/debug_exceptions.rb:13:in `call'
  actionpack (4.2.0.beta2) lib/action_dispatch/middleware/show_exceptions.rb:30:in `call'
  railties (4.2.0.beta2) lib/rails/rack/logger.rb:38:in `call_app'
  railties (4.2.0.beta2) lib/rails/rack/logger.rb:20:in `block in call'
  activesupport (4.2.0.beta2) lib/active_support/tagged_logging.rb:68:in `block in tagged'
  activesupport (4.2.0.beta2) lib/active_support/tagged_logging.rb:26:in `tagged'
  activesupport (4.2.0.beta2) lib/active_support/tagged_logging.rb:68:in `tagged'
  railties (4.2.0.beta2) lib/rails/rack/logger.rb:20:in `call'
  actionpack (4.2.0.beta2) lib/action_dispatch/middleware/request_id.rb:21:in `call'
  rack (1.6.4) lib/rack/methodoverride.rb:22:in `call'
  rack (1.6.4) lib/rack/runtime.rb:18:in `call'
  activesupport (4.2.0.beta2) lib/active_support/cache/strategy/local_cache_middleware.rb:28:in `call'
  rack (1.6.4) lib/rack/lock.rb:17:in `call'
  actionpack (4.2.0.beta2) lib/action_dispatch/middleware/static.rb:103:in `call'
  rack (1.6.4) lib/rack/sendfile.rb:113:in `call'
  railties (4.2.0.beta2) lib/rails/engine.rb:514:in `call'
  railties (4.2.0.beta2) lib/rails/application.rb:161:in `call'
  rack (1.6.4) lib/rack/lock.rb:17:in `call'
  rack (1.6.4) lib/rack/content_length.rb:15:in `call'
  rack (1.6.4) lib/rack/handler/webrick.rb:88:in `service'
  /usr/local/rvm/rubies/ruby-2.3.0/lib/ruby/2.3.0/webrick/httpserver.rb:140:in `service'
  /usr/local/rvm/rubies/ruby-2.3.0/lib/ruby/2.3.0/webrick/httpserver.rb:96:in `run'
  /usr/local/rvm/rubies/ruby-2.3.0/lib/ruby/2.3.0/webrick/server.rb:296:in `block in start_thread'


  Rendered /usr/local/rvm/gems/ruby-2.3.0/gems/web-console-2.0.0/lib/action_dispatch/templates/rescues/_source.erb (4.5ms)
  Rendered /usr/local/rvm/gems/ruby-2.3.0/gems/web-console-2.0.0/lib/action_dispatch/templates/rescues/_trace.html.erb (5.7ms)
  Rendered /usr/local/rvm/gems/ruby-2.3.0/gems/web-console-2.0.0/lib/action_dispatch/templates/rescues/_request_and_response.html.erb (1.6ms)
  Rendered /usr/local/rvm/gems/ruby-2.3.0/gems/web-console-2.0.0/lib/action_dispatch/templates/rescues/_web_console.html.erb (1.4ms)
  Rendered /usr/local/rvm/gems/ruby-2.3.0/gems/web-console-2.0.0/lib/action_dispatch/templates/rescues/diagnostics.html.erb within rescues/layout (130.7ms)


Started GET "/top" for 113.43.112.90 at 2016-03-25 05:05:23 +0000

RuntimeError (Circular dependency detected while autoloading constant HomeController):
  activesupport (4.2.0.beta2) lib/active_support/dependencies.rb:479:in `load_missing_constant'
  activesupport (4.2.0.beta2) lib/active_support/dependencies.rb:180:in `const_missing'
  activesupport (4.2.0.beta2) lib/active_support/inflector/methods.rb:261:in `const_get'
  activesupport (4.2.0.beta2) lib/active_support/inflector/methods.rb:261:in `block in constantize'
  activesupport (4.2.0.beta2) lib/active_support/inflector/methods.rb:259:in `each'
  activesupport (4.2.0.beta2) lib/active_support/inflector/methods.rb:259:in `inject'
  activesupport (4.2.0.beta2) lib/active_support/inflector/methods.rb:259:in `constantize'
  activesupport (4.2.0.beta2) lib/active_support/dependencies.rb:553:in `get'
  activesupport (4.2.0.beta2) lib/active_support/dependencies.rb:584:in `constantize'
  actionpack (4.2.0.beta2) lib/action_dispatch/routing/route_set.rb:68:in `controller_reference'
  actionpack (4.2.0.beta2) lib/action_dispatch/routing/route_set.rb:58:in `controller'
  actionpack (4.2.0.beta2) lib/action_dispatch/routing/route_set.rb:37:in `serve'
  actionpack (4.2.0.beta2) lib/action_dispatch/journey/router.rb:43:in `block in serve'
  actionpack (4.2.0.beta2) lib/action_dispatch/journey/router.rb:30:in `each'
  actionpack (4.2.0.beta2) lib/action_dispatch/journey/router.rb:30:in `serve'
  actionpack (4.2.0.beta2) lib/action_dispatch/routing/route_set.rb:750:in `call'
  rack (1.6.4) lib/rack/etag.rb:24:in `call'
  rack (1.6.4) lib/rack/conditionalget.rb:25:in `call'
  rack (1.6.4) lib/rack/head.rb:13:in `call'
  actionpack (4.2.0.beta2) lib/action_dispatch/middleware/params_parser.rb:27:in `call'
  actionpack (4.2.0.beta2) lib/action_dispatch/middleware/flash.rb:257:in `call'
  rack (1.6.4) lib/rack/session/abstract/id.rb:225:in `context'
  rack (1.6.4) lib/rack/session/abstract/id.rb:220:in `call'
  actionpack (4.2.0.beta2) lib/action_dispatch/middleware/cookies.rb:558:in `call'
  activerecord (4.2.0.beta2) lib/active_record/query_cache.rb:36:in `call'
  activerecord (4.2.0.beta2) lib/active_record/connection_adapters/abstract/connection_pool.rb:645:in `call'
  activerecord (4.2.0.beta2) lib/active_record/migration.rb:378:in `call'
  actionpack (4.2.0.beta2) lib/action_dispatch/middleware/callbacks.rb:29:in `block in call'
  activesupport (4.2.0.beta2) lib/active_support/callbacks.rb:83:in `run_callbacks'
  actionpack (4.2.0.beta2) lib/action_dispatch/middleware/callbacks.rb:27:in `call'
  actionpack (4.2.0.beta2) lib/action_dispatch/middleware/reloader.rb:73:in `call'
  actionpack (4.2.0.beta2) lib/action_dispatch/middleware/remote_ip.rb:78:in `call'
  web-console (2.0.0) lib/action_dispatch/debug_exceptions.rb:18:in `middleware_call'
  web-console (2.0.0) lib/action_dispatch/debug_exceptions.rb:13:in `call'
  actionpack (4.2.0.beta2) lib/action_dispatch/middleware/show_exceptions.rb:30:in `call'
  railties (4.2.0.beta2) lib/rails/rack/logger.rb:38:in `call_app'
  railties (4.2.0.beta2) lib/rails/rack/logger.rb:20:in `block in call'
  activesupport (4.2.0.beta2) lib/active_support/tagged_logging.rb:68:in `block in tagged'
  activesupport (4.2.0.beta2) lib/active_support/tagged_logging.rb:26:in `tagged'
  activesupport (4.2.0.beta2) lib/active_support/tagged_logging.rb:68:in `tagged'
  railties (4.2.0.beta2) lib/rails/rack/logger.rb:20:in `call'
  actionpack (4.2.0.beta2) lib/action_dispatch/middleware/request_id.rb:21:in `call'
  rack (1.6.4) lib/rack/methodoverride.rb:22:in `call'
  rack (1.6.4) lib/rack/runtime.rb:18:in `call'
  activesupport (4.2.0.beta2) lib/active_support/cache/strategy/local_cache_middleware.rb:28:in `call'
  rack (1.6.4) lib/rack/lock.rb:17:in `call'
  actionpack (4.2.0.beta2) lib/action_dispatch/middleware/static.rb:103:in `call'
  rack (1.6.4) lib/rack/sendfile.rb:113:in `call'
  railties (4.2.0.beta2) lib/rails/engine.rb:514:in `call'
  railties (4.2.0.beta2) lib/rails/application.rb:161:in `call'
  rack (1.6.4) lib/rack/lock.rb:17:in `call'
  rack (1.6.4) lib/rack/content_length.rb:15:in `call'
  rack (1.6.4) lib/rack/handler/webrick.rb:88:in `service'
  /usr/local/rvm/rubies/ruby-2.3.0/lib/ruby/2.3.0/webrick/httpserver.rb:140:in `service'
  /usr/local/rvm/rubies/ruby-2.3.0/lib/ruby/2.3.0/webrick/httpserver.rb:96:in `run'
  /usr/local/rvm/rubies/ruby-2.3.0/lib/ruby/2.3.0/webrick/server.rb:296:in `block in start_thread'


  Rendered /usr/local/rvm/gems/ruby-2.3.0/gems/web-console-2.0.0/lib/action_dispatch/templates/rescues/_source.erb (13.8ms)
  Rendered /usr/local/rvm/gems/ruby-2.3.0/gems/web-console-2.0.0/lib/action_dispatch/templates/rescues/_trace.html.erb (3.2ms)
  Rendered /usr/local/rvm/gems/ruby-2.3.0/gems/web-console-2.0.0/lib/action_dispatch/templates/rescues/_request_and_response.html.erb (1.3ms)
  Rendered /usr/local/rvm/gems/ruby-2.3.0/gems/web-console-2.0.0/lib/action_dispatch/templates/rescues/_web_console.html.erb (1.4ms)
  Rendered /usr/local/rvm/gems/ruby-2.3.0/gems/web-console-2.0.0/lib/action_dispatch/templates/rescues/diagnostics.html.erb within rescues/layout (126.4ms)


Started GET "/top" for 113.43.112.90 at 2016-03-25 05:06:35 +0000

RuntimeError (Circular dependency detected while autoloading constant HomeController):
  activesupport (4.2.0.beta2) lib/active_support/dependencies.rb:479:in `load_missing_constant'
  activesupport (4.2.0.beta2) lib/active_support/dependencies.rb:180:in `const_missing'
  activesupport (4.2.0.beta2) lib/active_support/inflector/methods.rb:261:in `const_get'
  activesupport (4.2.0.beta2) lib/active_support/inflector/methods.rb:261:in `block in constantize'
  activesupport (4.2.0.beta2) lib/active_support/inflector/methods.rb:259:in `each'
  activesupport (4.2.0.beta2) lib/active_support/inflector/methods.rb:259:in `inject'
  activesupport (4.2.0.beta2) lib/active_support/inflector/methods.rb:259:in `constantize'
  activesupport (4.2.0.beta2) lib/active_support/dependencies.rb:553:in `get'
  activesupport (4.2.0.beta2) lib/active_support/dependencies.rb:584:in `constantize'
  actionpack (4.2.0.beta2) lib/action_dispatch/routing/route_set.rb:68:in `controller_reference'
  actionpack (4.2.0.beta2) lib/action_dispatch/routing/route_set.rb:58:in `controller'
  actionpack (4.2.0.beta2) lib/action_dispatch/routing/route_set.rb:37:in `serve'
  actionpack (4.2.0.beta2) lib/action_dispatch/journey/router.rb:43:in `block in serve'
  actionpack (4.2.0.beta2) lib/action_dispatch/journey/router.rb:30:in `each'
  actionpack (4.2.0.beta2) lib/action_dispatch/journey/router.rb:30:in `serve'
  actionpack (4.2.0.beta2) lib/action_dispatch/routing/route_set.rb:750:in `call'
  rack (1.6.4) lib/rack/etag.rb:24:in `call'
  rack (1.6.4) lib/rack/conditionalget.rb:25:in `call'
  rack (1.6.4) lib/rack/head.rb:13:in `call'
  actionpack (4.2.0.beta2) lib/action_dispatch/middleware/params_parser.rb:27:in `call'
  actionpack (4.2.0.beta2) lib/action_dispatch/middleware/flash.rb:257:in `call'
  rack (1.6.4) lib/rack/session/abstract/id.rb:225:in `context'
  rack (1.6.4) lib/rack/session/abstract/id.rb:220:in `call'
  actionpack (4.2.0.beta2) lib/action_dispatch/middleware/cookies.rb:558:in `call'
  activerecord (4.2.0.beta2) lib/active_record/query_cache.rb:36:in `call'
  activerecord (4.2.0.beta2) lib/active_record/connection_adapters/abstract/connection_pool.rb:645:in `call'
  activerecord (4.2.0.beta2) lib/active_record/migration.rb:378:in `call'
  actionpack (4.2.0.beta2) lib/action_dispatch/middleware/callbacks.rb:29:in `block in call'
  activesupport (4.2.0.beta2) lib/active_support/callbacks.rb:83:in `run_callbacks'
  actionpack (4.2.0.beta2) lib/action_dispatch/middleware/callbacks.rb:27:in `call'
  actionpack (4.2.0.beta2) lib/action_dispatch/middleware/reloader.rb:73:in `call'
  actionpack (4.2.0.beta2) lib/action_dispatch/middleware/remote_ip.rb:78:in `call'
  web-console (2.0.0) lib/action_dispatch/debug_exceptions.rb:18:in `middleware_call'
  web-console (2.0.0) lib/action_dispatch/debug_exceptions.rb:13:in `call'
  actionpack (4.2.0.beta2) lib/action_dispatch/middleware/show_exceptions.rb:30:in `call'
  railties (4.2.0.beta2) lib/rails/rack/logger.rb:38:in `call_app'
  railties (4.2.0.beta2) lib/rails/rack/logger.rb:20:in `block in call'
  activesupport (4.2.0.beta2) lib/active_support/tagged_logging.rb:68:in `block in tagged'
  activesupport (4.2.0.beta2) lib/active_support/tagged_logging.rb:26:in `tagged'
  activesupport (4.2.0.beta2) lib/active_support/tagged_logging.rb:68:in `tagged'
  railties (4.2.0.beta2) lib/rails/rack/logger.rb:20:in `call'
  actionpack (4.2.0.beta2) lib/action_dispatch/middleware/request_id.rb:21:in `call'
  rack (1.6.4) lib/rack/methodoverride.rb:22:in `call'
  rack (1.6.4) lib/rack/runtime.rb:18:in `call'
  activesupport (4.2.0.beta2) lib/active_support/cache/strategy/local_cache_middleware.rb:28:in `call'
  rack (1.6.4) lib/rack/lock.rb:17:in `call'
  actionpack (4.2.0.beta2) lib/action_dispatch/middleware/static.rb:103:in `call'
  rack (1.6.4) lib/rack/sendfile.rb:113:in `call'
  railties (4.2.0.beta2) lib/rails/engine.rb:514:in `call'
  railties (4.2.0.beta2) lib/rails/application.rb:161:in `call'
  rack (1.6.4) lib/rack/lock.rb:17:in `call'
  rack (1.6.4) lib/rack/content_length.rb:15:in `call'
  rack (1.6.4) lib/rack/handler/webrick.rb:88:in `service'
  /usr/local/rvm/rubies/ruby-2.3.0/lib/ruby/2.3.0/webrick/httpserver.rb:140:in `service'
  /usr/local/rvm/rubies/ruby-2.3.0/lib/ruby/2.3.0/webrick/httpserver.rb:96:in `run'
  /usr/local/rvm/rubies/ruby-2.3.0/lib/ruby/2.3.0/webrick/server.rb:296:in `block in start_thread'


  Rendered /usr/local/rvm/gems/ruby-2.3.0/gems/web-console-2.0.0/lib/action_dispatch/templates/rescues/_source.erb (8.6ms)
  Rendered /usr/local/rvm/gems/ruby-2.3.0/gems/web-console-2.0.0/lib/action_dispatch/templates/rescues/_trace.html.erb (3.0ms)
  Rendered /usr/local/rvm/gems/ruby-2.3.0/gems/web-console-2.0.0/lib/action_dispatch/templates/rescues/_request_and_response.html.erb (1.7ms)
  Rendered /usr/local/rvm/gems/ruby-2.3.0/gems/web-console-2.0.0/lib/action_dispatch/templates/rescues/_web_console.html.erb (7.2ms)
  Rendered /usr/local/rvm/gems/ruby-2.3.0/gems/web-console-2.0.0/lib/action_dispatch/templates/rescues/diagnostics.html.erb within rescues/layout (144.3ms)


Started GET "/top" for 113.43.112.90 at 2016-03-25 05:10:56 +0000

RuntimeError (Circular dependency detected while autoloading constant HomeController):
  activesupport (4.2.0.beta2) lib/active_support/dependencies.rb:479:in `load_missing_constant'
  activesupport (4.2.0.beta2) lib/active_support/dependencies.rb:180:in `const_missing'
  activesupport (4.2.0.beta2) lib/active_support/inflector/methods.rb:261:in `const_get'
  activesupport (4.2.0.beta2) lib/active_support/inflector/methods.rb:261:in `block in constantize'
  activesupport (4.2.0.beta2) lib/active_support/inflector/methods.rb:259:in `each'
  activesupport (4.2.0.beta2) lib/active_support/inflector/methods.rb:259:in `inject'
  activesupport (4.2.0.beta2) lib/active_support/inflector/methods.rb:259:in `constantize'
  activesupport (4.2.0.beta2) lib/active_support/dependencies.rb:553:in `get'
  activesupport (4.2.0.beta2) lib/active_support/dependencies.rb:584:in `constantize'
  actionpack (4.2.0.beta2) lib/action_dispatch/routing/route_set.rb:68:in `controller_reference'
  actionpack (4.2.0.beta2) lib/action_dispatch/routing/route_set.rb:58:in `controller'
  actionpack (4.2.0.beta2) lib/action_dispatch/routing/route_set.rb:37:in `serve'
  actionpack (4.2.0.beta2) lib/action_dispatch/journey/router.rb:43:in `block in serve'
  actionpack (4.2.0.beta2) lib/action_dispatch/journey/router.rb:30:in `each'
  actionpack (4.2.0.beta2) lib/action_dispatch/journey/router.rb:30:in `serve'
  actionpack (4.2.0.beta2) lib/action_dispatch/routing/route_set.rb:750:in `call'
  rack (1.6.4) lib/rack/etag.rb:24:in `call'
  rack (1.6.4) lib/rack/conditionalget.rb:25:in `call'
  rack (1.6.4) lib/rack/head.rb:13:in `call'
  actionpack (4.2.0.beta2) lib/action_dispatch/middleware/params_parser.rb:27:in `call'
  actionpack (4.2.0.beta2) lib/action_dispatch/middleware/flash.rb:257:in `call'
  rack (1.6.4) lib/rack/session/abstract/id.rb:225:in `context'
  rack (1.6.4) lib/rack/session/abstract/id.rb:220:in `call'
  actionpack (4.2.0.beta2) lib/action_dispatch/middleware/cookies.rb:558:in `call'
  activerecord (4.2.0.beta2) lib/active_record/query_cache.rb:36:in `call'
  activerecord (4.2.0.beta2) lib/active_record/connection_adapters/abstract/connection_pool.rb:645:in `call'
  activerecord (4.2.0.beta2) lib/active_record/migration.rb:378:in `call'
  actionpack (4.2.0.beta2) lib/action_dispatch/middleware/callbacks.rb:29:in `block in call'
  activesupport (4.2.0.beta2) lib/active_support/callbacks.rb:83:in `run_callbacks'
  actionpack (4.2.0.beta2) lib/action_dispatch/middleware/callbacks.rb:27:in `call'
  actionpack (4.2.0.beta2) lib/action_dispatch/middleware/reloader.rb:73:in `call'
  actionpack (4.2.0.beta2) lib/action_dispatch/middleware/remote_ip.rb:78:in `call'
  web-console (2.0.0) lib/action_dispatch/debug_exceptions.rb:18:in `middleware_call'
  web-console (2.0.0) lib/action_dispatch/debug_exceptions.rb:13:in `call'
  actionpack (4.2.0.beta2) lib/action_dispatch/middleware/show_exceptions.rb:30:in `call'
  railties (4.2.0.beta2) lib/rails/rack/logger.rb:38:in `call_app'
  railties (4.2.0.beta2) lib/rails/rack/logger.rb:20:in `block in call'
  activesupport (4.2.0.beta2) lib/active_support/tagged_logging.rb:68:in `block in tagged'
  activesupport (4.2.0.beta2) lib/active_support/tagged_logging.rb:26:in `tagged'
  activesupport (4.2.0.beta2) lib/active_support/tagged_logging.rb:68:in `tagged'
  railties (4.2.0.beta2) lib/rails/rack/logger.rb:20:in `call'
  actionpack (4.2.0.beta2) lib/action_dispatch/middleware/request_id.rb:21:in `call'
  rack (1.6.4) lib/rack/methodoverride.rb:22:in `call'
  rack (1.6.4) lib/rack/runtime.rb:18:in `call'
  activesupport (4.2.0.beta2) lib/active_support/cache/strategy/local_cache_middleware.rb:28:in `call'
  rack (1.6.4) lib/rack/lock.rb:17:in `call'
  actionpack (4.2.0.beta2) lib/action_dispatch/middleware/static.rb:103:in `call'
  rack (1.6.4) lib/rack/sendfile.rb:113:in `call'
  railties (4.2.0.beta2) lib/rails/engine.rb:514:in `call'
  railties (4.2.0.beta2) lib/rails/application.rb:161:in `call'
  rack (1.6.4) lib/rack/lock.rb:17:in `call'
  rack (1.6.4) lib/rack/content_length.rb:15:in `call'
  rack (1.6.4) lib/rack/handler/webrick.rb:88:in `service'
  /usr/local/rvm/rubies/ruby-2.3.0/lib/ruby/2.3.0/webrick/httpserver.rb:140:in `service'
  /usr/local/rvm/rubies/ruby-2.3.0/lib/ruby/2.3.0/webrick/httpserver.rb:96:in `run'
  /usr/local/rvm/rubies/ruby-2.3.0/lib/ruby/2.3.0/webrick/server.rb:296:in `block in start_thread'


  Rendered /usr/local/rvm/gems/ruby-2.3.0/gems/web-console-2.0.0/lib/action_dispatch/templates/rescues/_source.erb (5.2ms)
  Rendered /usr/local/rvm/gems/ruby-2.3.0/gems/web-console-2.0.0/lib/action_dispatch/templates/rescues/_trace.html.erb (5.6ms)
  Rendered /usr/local/rvm/gems/ruby-2.3.0/gems/web-console-2.0.0/lib/action_dispatch/templates/rescues/_request_and_response.html.erb (1.7ms)
  Rendered /usr/local/rvm/gems/ruby-2.3.0/gems/web-console-2.0.0/lib/action_dispatch/templates/rescues/_web_console.html.erb (1.5ms)
  Rendered /usr/local/rvm/gems/ruby-2.3.0/gems/web-console-2.0.0/lib/action_dispatch/templates/rescues/diagnostics.html.erb within rescues/layout (128.6ms)
  [1m[36m (15.1ms)[0m  [1mCREATE TABLE "schema_migrations" ("version" varchar NOT NULL) [0m
  [1m[35m (0.2ms)[0m  select sqlite_version(*)
  [1m[36m (10.2ms)[0m  [1mCREATE UNIQUE INDEX "unique_schema_migrations" ON "schema_migrations" ("version")[0m
  [1m[35mActiveRecord::SchemaMigration Load (0.3ms)[0m  SELECT "schema_migrations".* FROM "schema_migrations"


Started GET "/" for 113.43.112.90 at 2016-03-25 05:18:47 +0000
Processing by Rails::WelcomeController#index as HTML
  Rendered /usr/local/rvm/gems/ruby-2.3.0/gems/railties-4.2.0.beta2/lib/rails/templates/rails/welcome/index.html.erb (9.9ms)
Completed 200 OK in 62ms (Views: 40.9ms | ActiveRecord: 0.0ms)


Started GET "/home" for 113.43.112.90 at 2016-03-25 05:18:55 +0000

ActionController::RoutingError (No route matches [GET] "/home"):
  web-console (2.0.0) lib/action_dispatch/debug_exceptions.rb:22:in `middleware_call'
  web-console (2.0.0) lib/action_dispatch/debug_exceptions.rb:13:in `call'
  actionpack (4.2.0.beta2) lib/action_dispatch/middleware/show_exceptions.rb:30:in `call'
  railties (4.2.0.beta2) lib/rails/rack/logger.rb:38:in `call_app'
  railties (4.2.0.beta2) lib/rails/rack/logger.rb:20:in `block in call'
  activesupport (4.2.0.beta2) lib/active_support/tagged_logging.rb:68:in `block in tagged'
  activesupport (4.2.0.beta2) lib/active_support/tagged_logging.rb:26:in `tagged'
  activesupport (4.2.0.beta2) lib/active_support/tagged_logging.rb:68:in `tagged'
  railties (4.2.0.beta2) lib/rails/rack/logger.rb:20:in `call'
  actionpack (4.2.0.beta2) lib/action_dispatch/middleware/request_id.rb:21:in `call'
  rack (1.6.4) lib/rack/methodoverride.rb:22:in `call'
  rack (1.6.4) lib/rack/runtime.rb:18:in `call'
  activesupport (4.2.0.beta2) lib/active_support/cache/strategy/local_cache_middleware.rb:28:in `call'
  rack (1.6.4) lib/rack/lock.rb:17:in `call'
  actionpack (4.2.0.beta2) lib/action_dispatch/middleware/static.rb:103:in `call'
  rack (1.6.4) lib/rack/sendfile.rb:113:in `call'
  railties (4.2.0.beta2) lib/rails/engine.rb:514:in `call'
  railties (4.2.0.beta2) lib/rails/application.rb:161:in `call'
  rack (1.6.4) lib/rack/lock.rb:17:in `call'
  rack (1.6.4) lib/rack/content_length.rb:15:in `call'
  rack (1.6.4) lib/rack/handler/webrick.rb:88:in `service'
  /usr/local/rvm/rubies/ruby-2.3.0/lib/ruby/2.3.0/webrick/httpserver.rb:140:in `service'
  /usr/local/rvm/rubies/ruby-2.3.0/lib/ruby/2.3.0/webrick/httpserver.rb:96:in `run'
  /usr/local/rvm/rubies/ruby-2.3.0/lib/ruby/2.3.0/webrick/server.rb:296:in `block in start_thread'


  Rendered /usr/local/rvm/gems/ruby-2.3.0/gems/web-console-2.0.0/lib/action_dispatch/templates/rescues/_trace.html.erb (2.9ms)
  Rendered /usr/local/rvm/gems/ruby-2.3.0/gems/web-console-2.0.0/lib/action_dispatch/templates/routes/_route.html.erb (1.0ms)
  Rendered /usr/local/rvm/gems/ruby-2.3.0/gems/web-console-2.0.0/lib/action_dispatch/templates/routes/_table.html.erb (40.8ms)
  Rendered /usr/local/rvm/gems/ruby-2.3.0/gems/web-console-2.0.0/lib/action_dispatch/templates/rescues/_request_and_response.html.erb (2.0ms)
  Rendered /usr/local/rvm/gems/ruby-2.3.0/gems/web-console-2.0.0/lib/action_dispatch/templates/rescues/_web_console.html.erb (1.6ms)
  Rendered /usr/local/rvm/gems/ruby-2.3.0/gems/web-console-2.0.0/lib/action_dispatch/templates/rescues/routing_error.html.erb within rescues/layout (164.8ms)


Started GET "/top" for 113.43.112.90 at 2016-03-25 05:19:05 +0000

LoadError (Unable to autoload constant HomeController, expected /home/ubuntu/workspace/app/controllers/home_controller.rb to define it):
  activesupport (4.2.0.beta2) lib/active_support/dependencies.rb:482:in `load_missing_constant'
  activesupport (4.2.0.beta2) lib/active_support/dependencies.rb:180:in `const_missing'
  activesupport (4.2.0.beta2) lib/active_support/inflector/methods.rb:261:in `const_get'
  activesupport (4.2.0.beta2) lib/active_support/inflector/methods.rb:261:in `block in constantize'
  activesupport (4.2.0.beta2) lib/active_support/inflector/methods.rb:259:in `each'
  activesupport (4.2.0.beta2) lib/active_support/inflector/methods.rb:259:in `inject'
  activesupport (4.2.0.beta2) lib/active_support/inflector/methods.rb:259:in `constantize'
  activesupport (4.2.0.beta2) lib/active_support/dependencies.rb:553:in `get'
  activesupport (4.2.0.beta2) lib/active_support/dependencies.rb:584:in `constantize'
  actionpack (4.2.0.beta2) lib/action_dispatch/routing/route_set.rb:68:in `controller_reference'
  actionpack (4.2.0.beta2) lib/action_dispatch/routing/route_set.rb:58:in `controller'
  actionpack (4.2.0.beta2) lib/action_dispatch/routing/route_set.rb:37:in `serve'
  actionpack (4.2.0.beta2) lib/action_dispatch/journey/router.rb:43:in `block in serve'
  actionpack (4.2.0.beta2) lib/action_dispatch/journey/router.rb:30:in `each'
  actionpack (4.2.0.beta2) lib/action_dispatch/journey/router.rb:30:in `serve'
  actionpack (4.2.0.beta2) lib/action_dispatch/routing/route_set.rb:750:in `call'
  rack (1.6.4) lib/rack/etag.rb:24:in `call'
  rack (1.6.4) lib/rack/conditionalget.rb:25:in `call'
  rack (1.6.4) lib/rack/head.rb:13:in `call'
  actionpack (4.2.0.beta2) lib/action_dispatch/middleware/params_parser.rb:27:in `call'
  actionpack (4.2.0.beta2) lib/action_dispatch/middleware/flash.rb:257:in `call'
  rack (1.6.4) lib/rack/session/abstract/id.rb:225:in `context'
  rack (1.6.4) lib/rack/session/abstract/id.rb:220:in `call'
  actionpack (4.2.0.beta2) lib/action_dispatch/middleware/cookies.rb:558:in `call'
  activerecord (4.2.0.beta2) lib/active_record/query_cache.rb:36:in `call'
  activerecord (4.2.0.beta2) lib/active_record/connection_adapters/abstract/connection_pool.rb:645:in `call'
  activerecord (4.2.0.beta2) lib/active_record/migration.rb:378:in `call'
  actionpack (4.2.0.beta2) lib/action_dispatch/middleware/callbacks.rb:29:in `block in call'
  activesupport (4.2.0.beta2) lib/active_support/callbacks.rb:83:in `run_callbacks'
  actionpack (4.2.0.beta2) lib/action_dispatch/middleware/callbacks.rb:27:in `call'
  actionpack (4.2.0.beta2) lib/action_dispatch/middleware/reloader.rb:73:in `call'
  actionpack (4.2.0.beta2) lib/action_dispatch/middleware/remote_ip.rb:78:in `call'
  web-console (2.0.0) lib/action_dispatch/debug_exceptions.rb:18:in `middleware_call'
  web-console (2.0.0) lib/action_dispatch/debug_exceptions.rb:13:in `call'
  actionpack (4.2.0.beta2) lib/action_dispatch/middleware/show_exceptions.rb:30:in `call'
  railties (4.2.0.beta2) lib/rails/rack/logger.rb:38:in `call_app'
  railties (4.2.0.beta2) lib/rails/rack/logger.rb:20:in `block in call'
  activesupport (4.2.0.beta2) lib/active_support/tagged_logging.rb:68:in `block in tagged'
  activesupport (4.2.0.beta2) lib/active_support/tagged_logging.rb:26:in `tagged'
  activesupport (4.2.0.beta2) lib/active_support/tagged_logging.rb:68:in `tagged'
  railties (4.2.0.beta2) lib/rails/rack/logger.rb:20:in `call'
  actionpack (4.2.0.beta2) lib/action_dispatch/middleware/request_id.rb:21:in `call'
  rack (1.6.4) lib/rack/methodoverride.rb:22:in `call'
  rack (1.6.4) lib/rack/runtime.rb:18:in `call'
  activesupport (4.2.0.beta2) lib/active_support/cache/strategy/local_cache_middleware.rb:28:in `call'
  rack (1.6.4) lib/rack/lock.rb:17:in `call'
  actionpack (4.2.0.beta2) lib/action_dispatch/middleware/static.rb:103:in `call'
  rack (1.6.4) lib/rack/sendfile.rb:113:in `call'
  railties (4.2.0.beta2) lib/rails/engine.rb:514:in `call'
  railties (4.2.0.beta2) lib/rails/application.rb:161:in `call'
  rack (1.6.4) lib/rack/lock.rb:17:in `call'
  rack (1.6.4) lib/rack/content_length.rb:15:in `call'
  rack (1.6.4) lib/rack/handler/webrick.rb:88:in `service'
  /usr/local/rvm/rubies/ruby-2.3.0/lib/ruby/2.3.0/webrick/httpserver.rb:140:in `service'
  /usr/local/rvm/rubies/ruby-2.3.0/lib/ruby/2.3.0/webrick/httpserver.rb:96:in `run'
  /usr/local/rvm/rubies/ruby-2.3.0/lib/ruby/2.3.0/webrick/server.rb:296:in `block in start_thread'


  Rendered /usr/local/rvm/gems/ruby-2.3.0/gems/web-console-2.0.0/lib/action_dispatch/templates/rescues/_source.erb (17.9ms)
  Rendered /usr/local/rvm/gems/ruby-2.3.0/gems/web-console-2.0.0/lib/action_dispatch/templates/rescues/_trace.html.erb (2.7ms)
  Rendered /usr/local/rvm/gems/ruby-2.3.0/gems/web-console-2.0.0/lib/action_dispatch/templates/rescues/_request_and_response.html.erb (1.6ms)
  Rendered /usr/local/rvm/gems/ruby-2.3.0/gems/web-console-2.0.0/lib/action_dispatch/templates/rescues/_web_console.html.erb (1.3ms)
  Rendered /usr/local/rvm/gems/ruby-2.3.0/gems/web-console-2.0.0/lib/action_dispatch/templates/rescues/diagnostics.html.erb within rescues/layout (136.3ms)


Started GET "/top" for 113.43.112.90 at 2016-03-25 05:20:31 +0000

LoadError (Unable to autoload constant HomeController, expected /home/ubuntu/workspace/app/controllers/home_controller.rb to define it):
  activesupport (4.2.0.beta2) lib/active_support/dependencies.rb:482:in `load_missing_constant'
  activesupport (4.2.0.beta2) lib/active_support/dependencies.rb:180:in `const_missing'
  activesupport (4.2.0.beta2) lib/active_support/inflector/methods.rb:261:in `const_get'
  activesupport (4.2.0.beta2) lib/active_support/inflector/methods.rb:261:in `block in constantize'
  activesupport (4.2.0.beta2) lib/active_support/inflector/methods.rb:259:in `each'
  activesupport (4.2.0.beta2) lib/active_support/inflector/methods.rb:259:in `inject'
  activesupport (4.2.0.beta2) lib/active_support/inflector/methods.rb:259:in `constantize'
  activesupport (4.2.0.beta2) lib/active_support/dependencies.rb:553:in `get'
  activesupport (4.2.0.beta2) lib/active_support/dependencies.rb:584:in `constantize'
  actionpack (4.2.0.beta2) lib/action_dispatch/routing/route_set.rb:68:in `controller_reference'
  actionpack (4.2.0.beta2) lib/action_dispatch/routing/route_set.rb:58:in `controller'
  actionpack (4.2.0.beta2) lib/action_dispatch/routing/route_set.rb:37:in `serve'
  actionpack (4.2.0.beta2) lib/action_dispatch/journey/router.rb:43:in `block in serve'
  actionpack (4.2.0.beta2) lib/action_dispatch/journey/router.rb:30:in `each'
  actionpack (4.2.0.beta2) lib/action_dispatch/journey/router.rb:30:in `serve'
  actionpack (4.2.0.beta2) lib/action_dispatch/routing/route_set.rb:750:in `call'
  rack (1.6.4) lib/rack/etag.rb:24:in `call'
  rack (1.6.4) lib/rack/conditionalget.rb:25:in `call'
  rack (1.6.4) lib/rack/head.rb:13:in `call'
  actionpack (4.2.0.beta2) lib/action_dispatch/middleware/params_parser.rb:27:in `call'
  actionpack (4.2.0.beta2) lib/action_dispatch/middleware/flash.rb:257:in `call'
  rack (1.6.4) lib/rack/session/abstract/id.rb:225:in `context'
  rack (1.6.4) lib/rack/session/abstract/id.rb:220:in `call'
  actionpack (4.2.0.beta2) lib/action_dispatch/middleware/cookies.rb:558:in `call'
  activerecord (4.2.0.beta2) lib/active_record/query_cache.rb:36:in `call'
  activerecord (4.2.0.beta2) lib/active_record/connection_adapters/abstract/connection_pool.rb:645:in `call'
  activerecord (4.2.0.beta2) lib/active_record/migration.rb:378:in `call'
  actionpack (4.2.0.beta2) lib/action_dispatch/middleware/callbacks.rb:29:in `block in call'
  activesupport (4.2.0.beta2) lib/active_support/callbacks.rb:83:in `run_callbacks'
  actionpack (4.2.0.beta2) lib/action_dispatch/middleware/callbacks.rb:27:in `call'
  actionpack (4.2.0.beta2) lib/action_dispatch/middleware/reloader.rb:73:in `call'
  actionpack (4.2.0.beta2) lib/action_dispatch/middleware/remote_ip.rb:78:in `call'
  web-console (2.0.0) lib/action_dispatch/debug_exceptions.rb:18:in `middleware_call'
  web-console (2.0.0) lib/action_dispatch/debug_exceptions.rb:13:in `call'
  actionpack (4.2.0.beta2) lib/action_dispatch/middleware/show_exceptions.rb:30:in `call'
  railties (4.2.0.beta2) lib/rails/rack/logger.rb:38:in `call_app'
  railties (4.2.0.beta2) lib/rails/rack/logger.rb:20:in `block in call'
  activesupport (4.2.0.beta2) lib/active_support/tagged_logging.rb:68:in `block in tagged'
  activesupport (4.2.0.beta2) lib/active_support/tagged_logging.rb:26:in `tagged'
  activesupport (4.2.0.beta2) lib/active_support/tagged_logging.rb:68:in `tagged'
  railties (4.2.0.beta2) lib/rails/rack/logger.rb:20:in `call'
  actionpack (4.2.0.beta2) lib/action_dispatch/middleware/request_id.rb:21:in `call'
  rack (1.6.4) lib/rack/methodoverride.rb:22:in `call'
  rack (1.6.4) lib/rack/runtime.rb:18:in `call'
  activesupport (4.2.0.beta2) lib/active_support/cache/strategy/local_cache_middleware.rb:28:in `call'
  rack (1.6.4) lib/rack/lock.rb:17:in `call'
  actionpack (4.2.0.beta2) lib/action_dispatch/middleware/static.rb:103:in `call'
  rack (1.6.4) lib/rack/sendfile.rb:113:in `call'
  railties (4.2.0.beta2) lib/rails/engine.rb:514:in `call'
  railties (4.2.0.beta2) lib/rails/application.rb:161:in `call'
  rack (1.6.4) lib/rack/lock.rb:17:in `call'
  rack (1.6.4) lib/rack/content_length.rb:15:in `call'
  rack (1.6.4) lib/rack/handler/webrick.rb:88:in `service'
  /usr/local/rvm/rubies/ruby-2.3.0/lib/ruby/2.3.0/webrick/httpserver.rb:140:in `service'
  /usr/local/rvm/rubies/ruby-2.3.0/lib/ruby/2.3.0/webrick/httpserver.rb:96:in `run'
  /usr/local/rvm/rubies/ruby-2.3.0/lib/ruby/2.3.0/webrick/server.rb:296:in `block in start_thread'


  Rendered /usr/local/rvm/gems/ruby-2.3.0/gems/web-console-2.0.0/lib/action_dispatch/templates/rescues/_source.erb (9.3ms)
  Rendered /usr/local/rvm/gems/ruby-2.3.0/gems/web-console-2.0.0/lib/action_dispatch/templates/rescues/_trace.html.erb (3.3ms)
  Rendered /usr/local/rvm/gems/ruby-2.3.0/gems/web-console-2.0.0/lib/action_dispatch/templates/rescues/_request_and_response.html.erb (1.3ms)
  Rendered /usr/local/rvm/gems/ruby-2.3.0/gems/web-console-2.0.0/lib/action_dispatch/templates/rescues/_web_console.html.erb (1.8ms)
  Rendered /usr/local/rvm/gems/ruby-2.3.0/gems/web-console-2.0.0/lib/action_dispatch/templates/rescues/diagnostics.html.erb within rescues/layout (145.3ms)


Started GET "/top" for 113.43.112.90 at 2016-03-25 05:20:39 +0000

RuntimeError (Circular dependency detected while autoloading constant HomeController):
  activesupport (4.2.0.beta2) lib/active_support/dependencies.rb:479:in `load_missing_constant'
  activesupport (4.2.0.beta2) lib/active_support/dependencies.rb:180:in `const_missing'
  activesupport (4.2.0.beta2) lib/active_support/inflector/methods.rb:261:in `const_get'
  activesupport (4.2.0.beta2) lib/active_support/inflector/methods.rb:261:in `block in constantize'
  activesupport (4.2.0.beta2) lib/active_support/inflector/methods.rb:259:in `each'
  activesupport (4.2.0.beta2) lib/active_support/inflector/methods.rb:259:in `inject'
  activesupport (4.2.0.beta2) lib/active_support/inflector/methods.rb:259:in `constantize'
  activesupport (4.2.0.beta2) lib/active_support/dependencies.rb:553:in `get'
  activesupport (4.2.0.beta2) lib/active_support/dependencies.rb:584:in `constantize'
  actionpack (4.2.0.beta2) lib/action_dispatch/routing/route_set.rb:68:in `controller_reference'
  actionpack (4.2.0.beta2) lib/action_dispatch/routing/route_set.rb:58:in `controller'
  actionpack (4.2.0.beta2) lib/action_dispatch/routing/route_set.rb:37:in `serve'
  actionpack (4.2.0.beta2) lib/action_dispatch/journey/router.rb:43:in `block in serve'
  actionpack (4.2.0.beta2) lib/action_dispatch/journey/router.rb:30:in `each'
  actionpack (4.2.0.beta2) lib/action_dispatch/journey/router.rb:30:in `serve'
  actionpack (4.2.0.beta2) lib/action_dispatch/routing/route_set.rb:750:in `call'
  rack (1.6.4) lib/rack/etag.rb:24:in `call'
  rack (1.6.4) lib/rack/conditionalget.rb:25:in `call'
  rack (1.6.4) lib/rack/head.rb:13:in `call'
  actionpack (4.2.0.beta2) lib/action_dispatch/middleware/params_parser.rb:27:in `call'
  actionpack (4.2.0.beta2) lib/action_dispatch/middleware/flash.rb:257:in `call'
  rack (1.6.4) lib/rack/session/abstract/id.rb:225:in `context'
  rack (1.6.4) lib/rack/session/abstract/id.rb:220:in `call'
  actionpack (4.2.0.beta2) lib/action_dispatch/middleware/cookies.rb:558:in `call'
  activerecord (4.2.0.beta2) lib/active_record/query_cache.rb:36:in `call'
  activerecord (4.2.0.beta2) lib/active_record/connection_adapters/abstract/connection_pool.rb:645:in `call'
  activerecord (4.2.0.beta2) lib/active_record/migration.rb:378:in `call'
  actionpack (4.2.0.beta2) lib/action_dispatch/middleware/callbacks.rb:29:in `block in call'
  activesupport (4.2.0.beta2) lib/active_support/callbacks.rb:83:in `run_callbacks'
  actionpack (4.2.0.beta2) lib/action_dispatch/middleware/callbacks.rb:27:in `call'
  actionpack (4.2.0.beta2) lib/action_dispatch/middleware/reloader.rb:73:in `call'
  actionpack (4.2.0.beta2) lib/action_dispatch/middleware/remote_ip.rb:78:in `call'
  web-console (2.0.0) lib/action_dispatch/debug_exceptions.rb:18:in `middleware_call'
  web-console (2.0.0) lib/action_dispatch/debug_exceptions.rb:13:in `call'
  actionpack (4.2.0.beta2) lib/action_dispatch/middleware/show_exceptions.rb:30:in `call'
  railties (4.2.0.beta2) lib/rails/rack/logger.rb:38:in `call_app'
  railties (4.2.0.beta2) lib/rails/rack/logger.rb:20:in `block in call'
  activesupport (4.2.0.beta2) lib/active_support/tagged_logging.rb:68:in `block in tagged'
  activesupport (4.2.0.beta2) lib/active_support/tagged_logging.rb:26:in `tagged'
  activesupport (4.2.0.beta2) lib/active_support/tagged_logging.rb:68:in `tagged'
  railties (4.2.0.beta2) lib/rails/rack/logger.rb:20:in `call'
  actionpack (4.2.0.beta2) lib/action_dispatch/middleware/request_id.rb:21:in `call'
  rack (1.6.4) lib/rack/methodoverride.rb:22:in `call'
  rack (1.6.4) lib/rack/runtime.rb:18:in `call'
  activesupport (4.2.0.beta2) lib/active_support/cache/strategy/local_cache_middleware.rb:28:in `call'
  rack (1.6.4) lib/rack/lock.rb:17:in `call'
  actionpack (4.2.0.beta2) lib/action_dispatch/middleware/static.rb:103:in `call'
  rack (1.6.4) lib/rack/sendfile.rb:113:in `call'
  railties (4.2.0.beta2) lib/rails/engine.rb:514:in `call'
  railties (4.2.0.beta2) lib/rails/application.rb:161:in `call'
  rack (1.6.4) lib/rack/lock.rb:17:in `call'
  rack (1.6.4) lib/rack/content_length.rb:15:in `call'
  rack (1.6.4) lib/rack/handler/webrick.rb:88:in `service'
  /usr/local/rvm/rubies/ruby-2.3.0/lib/ruby/2.3.0/webrick/httpserver.rb:140:in `service'
  /usr/local/rvm/rubies/ruby-2.3.0/lib/ruby/2.3.0/webrick/httpserver.rb:96:in `run'
  /usr/local/rvm/rubies/ruby-2.3.0/lib/ruby/2.3.0/webrick/server.rb:296:in `block in start_thread'


  Rendered /usr/local/rvm/gems/ruby-2.3.0/gems/web-console-2.0.0/lib/action_dispatch/templates/rescues/_source.erb (5.6ms)
  Rendered /usr/local/rvm/gems/ruby-2.3.0/gems/web-console-2.0.0/lib/action_dispatch/templates/rescues/_trace.html.erb (7.6ms)
  Rendered /usr/local/rvm/gems/ruby-2.3.0/gems/web-console-2.0.0/lib/action_dispatch/templates/rescues/_request_and_response.html.erb (1.6ms)
  Rendered /usr/local/rvm/gems/ruby-2.3.0/gems/web-console-2.0.0/lib/action_dispatch/templates/rescues/_web_console.html.erb (1.6ms)
  Rendered /usr/local/rvm/gems/ruby-2.3.0/gems/web-console-2.0.0/lib/action_dispatch/templates/rescues/diagnostics.html.erb within rescues/layout (120.8ms)


Started GET "/top" for 113.43.112.90 at 2016-03-25 05:20:40 +0000

RuntimeError (Circular dependency detected while autoloading constant HomeController):
  activesupport (4.2.0.beta2) lib/active_support/dependencies.rb:479:in `load_missing_constant'
  activesupport (4.2.0.beta2) lib/active_support/dependencies.rb:180:in `const_missing'
  activesupport (4.2.0.beta2) lib/active_support/inflector/methods.rb:261:in `const_get'
  activesupport (4.2.0.beta2) lib/active_support/inflector/methods.rb:261:in `block in constantize'
  activesupport (4.2.0.beta2) lib/active_support/inflector/methods.rb:259:in `each'
  activesupport (4.2.0.beta2) lib/active_support/inflector/methods.rb:259:in `inject'
  activesupport (4.2.0.beta2) lib/active_support/inflector/methods.rb:259:in `constantize'
  activesupport (4.2.0.beta2) lib/active_support/dependencies.rb:553:in `get'
  activesupport (4.2.0.beta2) lib/active_support/dependencies.rb:584:in `constantize'
  actionpack (4.2.0.beta2) lib/action_dispatch/routing/route_set.rb:68:in `controller_reference'
  actionpack (4.2.0.beta2) lib/action_dispatch/routing/route_set.rb:58:in `controller'
  actionpack (4.2.0.beta2) lib/action_dispatch/routing/route_set.rb:37:in `serve'
  actionpack (4.2.0.beta2) lib/action_dispatch/journey/router.rb:43:in `block in serve'
  actionpack (4.2.0.beta2) lib/action_dispatch/journey/router.rb:30:in `each'
  actionpack (4.2.0.beta2) lib/action_dispatch/journey/router.rb:30:in `serve'
  actionpack (4.2.0.beta2) lib/action_dispatch/routing/route_set.rb:750:in `call'
  rack (1.6.4) lib/rack/etag.rb:24:in `call'
  rack (1.6.4) lib/rack/conditionalget.rb:25:in `call'
  rack (1.6.4) lib/rack/head.rb:13:in `call'
  actionpack (4.2.0.beta2) lib/action_dispatch/middleware/params_parser.rb:27:in `call'
  actionpack (4.2.0.beta2) lib/action_dispatch/middleware/flash.rb:257:in `call'
  rack (1.6.4) lib/rack/session/abstract/id.rb:225:in `context'
  rack (1.6.4) lib/rack/session/abstract/id.rb:220:in `call'
  actionpack (4.2.0.beta2) lib/action_dispatch/middleware/cookies.rb:558:in `call'
  activerecord (4.2.0.beta2) lib/active_record/query_cache.rb:36:in `call'
  activerecord (4.2.0.beta2) lib/active_record/connection_adapters/abstract/connection_pool.rb:645:in `call'
  activerecord (4.2.0.beta2) lib/active_record/migration.rb:378:in `call'
  actionpack (4.2.0.beta2) lib/action_dispatch/middleware/callbacks.rb:29:in `block in call'
  activesupport (4.2.0.beta2) lib/active_support/callbacks.rb:83:in `run_callbacks'
  actionpack (4.2.0.beta2) lib/action_dispatch/middleware/callbacks.rb:27:in `call'
  actionpack (4.2.0.beta2) lib/action_dispatch/middleware/reloader.rb:73:in `call'
  actionpack (4.2.0.beta2) lib/action_dispatch/middleware/remote_ip.rb:78:in `call'
  web-console (2.0.0) lib/action_dispatch/debug_exceptions.rb:18:in `middleware_call'
  web-console (2.0.0) lib/action_dispatch/debug_exceptions.rb:13:in `call'
  actionpack (4.2.0.beta2) lib/action_dispatch/middleware/show_exceptions.rb:30:in `call'
  railties (4.2.0.beta2) lib/rails/rack/logger.rb:38:in `call_app'
  railties (4.2.0.beta2) lib/rails/rack/logger.rb:20:in `block in call'
  activesupport (4.2.0.beta2) lib/active_support/tagged_logging.rb:68:in `block in tagged'
  activesupport (4.2.0.beta2) lib/active_support/tagged_logging.rb:26:in `tagged'
  activesupport (4.2.0.beta2) lib/active_support/tagged_logging.rb:68:in `tagged'
  railties (4.2.0.beta2) lib/rails/rack/logger.rb:20:in `call'
  actionpack (4.2.0.beta2) lib/action_dispatch/middleware/request_id.rb:21:in `call'
  rack (1.6.4) lib/rack/methodoverride.rb:22:in `call'
  rack (1.6.4) lib/rack/runtime.rb:18:in `call'
  activesupport (4.2.0.beta2) lib/active_support/cache/strategy/local_cache_middleware.rb:28:in `call'
  rack (1.6.4) lib/rack/lock.rb:17:in `call'
  actionpack (4.2.0.beta2) lib/action_dispatch/middleware/static.rb:103:in `call'
  rack (1.6.4) lib/rack/sendfile.rb:113:in `call'
  railties (4.2.0.beta2) lib/rails/engine.rb:514:in `call'
  railties (4.2.0.beta2) lib/rails/application.rb:161:in `call'
  rack (1.6.4) lib/rack/lock.rb:17:in `call'
  rack (1.6.4) lib/rack/content_length.rb:15:in `call'
  rack (1.6.4) lib/rack/handler/webrick.rb:88:in `service'
  /usr/local/rvm/rubies/ruby-2.3.0/lib/ruby/2.3.0/webrick/httpserver.rb:140:in `service'
  /usr/local/rvm/rubies/ruby-2.3.0/lib/ruby/2.3.0/webrick/httpserver.rb:96:in `run'
  /usr/local/rvm/rubies/ruby-2.3.0/lib/ruby/2.3.0/webrick/server.rb:296:in `block in start_thread'


  Rendered /usr/local/rvm/gems/ruby-2.3.0/gems/web-console-2.0.0/lib/action_dispatch/templates/rescues/_source.erb (6.6ms)
  Rendered /usr/local/rvm/gems/ruby-2.3.0/gems/web-console-2.0.0/lib/action_dispatch/templates/rescues/_trace.html.erb (3.5ms)
  Rendered /usr/local/rvm/gems/ruby-2.3.0/gems/web-console-2.0.0/lib/action_dispatch/templates/rescues/_request_and_response.html.erb (1.7ms)
  Rendered /usr/local/rvm/gems/ruby-2.3.0/gems/web-console-2.0.0/lib/action_dispatch/templates/rescues/_web_console.html.erb (1.6ms)
  Rendered /usr/local/rvm/gems/ruby-2.3.0/gems/web-console-2.0.0/lib/action_dispatch/templates/rescues/diagnostics.html.erb within rescues/layout (139.0ms)


Started PUT "/console/repl_sessions/21f99d2073d2e7f73359841367c2387c" for 113.43.112.90 at 2016-03-25 05:20:40 +0000

ActionController::RoutingError (No route matches [PUT] "/console/repl_sessions/21f99d2073d2e7f73359841367c2387c"):
  web-console (2.0.0) lib/action_dispatch/debug_exceptions.rb:22:in `middleware_call'
  web-console (2.0.0) lib/action_dispatch/debug_exceptions.rb:13:in `call'
  actionpack (4.2.0.beta2) lib/action_dispatch/middleware/show_exceptions.rb:30:in `call'
  railties (4.2.0.beta2) lib/rails/rack/logger.rb:38:in `call_app'
  railties (4.2.0.beta2) lib/rails/rack/logger.rb:20:in `block in call'
  activesupport (4.2.0.beta2) lib/active_support/tagged_logging.rb:68:in `block in tagged'
  activesupport (4.2.0.beta2) lib/active_support/tagged_logging.rb:26:in `tagged'
  activesupport (4.2.0.beta2) lib/active_support/tagged_logging.rb:68:in `tagged'
  railties (4.2.0.beta2) lib/rails/rack/logger.rb:20:in `call'
  actionpack (4.2.0.beta2) lib/action_dispatch/middleware/request_id.rb:21:in `call'
  rack (1.6.4) lib/rack/methodoverride.rb:22:in `call'
  rack (1.6.4) lib/rack/runtime.rb:18:in `call'
  activesupport (4.2.0.beta2) lib/active_support/cache/strategy/local_cache_middleware.rb:28:in `call'
  rack (1.6.4) lib/rack/lock.rb:17:in `call'
  actionpack (4.2.0.beta2) lib/action_dispatch/middleware/static.rb:103:in `call'
  rack (1.6.4) lib/rack/sendfile.rb:113:in `call'
  railties (4.2.0.beta2) lib/rails/engine.rb:514:in `call'
  railties (4.2.0.beta2) lib/rails/application.rb:161:in `call'
  rack (1.6.4) lib/rack/lock.rb:17:in `call'
  rack (1.6.4) lib/rack/content_length.rb:15:in `call'
  rack (1.6.4) lib/rack/handler/webrick.rb:88:in `service'
  /usr/local/rvm/rubies/ruby-2.3.0/lib/ruby/2.3.0/webrick/httpserver.rb:140:in `service'
  /usr/local/rvm/rubies/ruby-2.3.0/lib/ruby/2.3.0/webrick/httpserver.rb:96:in `run'
  /usr/local/rvm/rubies/ruby-2.3.0/lib/ruby/2.3.0/webrick/server.rb:296:in `block in start_thread'


  Rendered /usr/local/rvm/gems/ruby-2.3.0/gems/web-console-2.0.0/lib/action_dispatch/templates/rescues/_trace.text.erb (1.0ms)
  Rendered /usr/local/rvm/gems/ruby-2.3.0/gems/web-console-2.0.0/lib/action_dispatch/templates/rescues/routing_error.text.erb (27.9ms)


Started GET "/" for 113.43.112.90 at 2016-03-25 05:21:39 +0000
Processing by Rails::WelcomeController#index as HTML
  Rendered /usr/local/rvm/gems/ruby-2.3.0/gems/railties-4.2.0.beta2/lib/rails/templates/rails/welcome/index.html.erb (3.9ms)
Completed 200 OK in 43ms (Views: 26.6ms | ActiveRecord: 0.0ms)


Started GET "/top" for 113.43.112.90 at 2016-03-25 05:21:44 +0000

LoadError (Unable to autoload constant HomeController, expected /home/ubuntu/workspace/app/controllers/home_controller.rb to define it):
  activesupport (4.2.0.beta2) lib/active_support/dependencies.rb:482:in `load_missing_constant'
  activesupport (4.2.0.beta2) lib/active_support/dependencies.rb:180:in `const_missing'
  activesupport (4.2.0.beta2) lib/active_support/inflector/methods.rb:261:in `const_get'
  activesupport (4.2.0.beta2) lib/active_support/inflector/methods.rb:261:in `block in constantize'
  activesupport (4.2.0.beta2) lib/active_support/inflector/methods.rb:259:in `each'
  activesupport (4.2.0.beta2) lib/active_support/inflector/methods.rb:259:in `inject'
  activesupport (4.2.0.beta2) lib/active_support/inflector/methods.rb:259:in `constantize'
  activesupport (4.2.0.beta2) lib/active_support/dependencies.rb:553:in `get'
  activesupport (4.2.0.beta2) lib/active_support/dependencies.rb:584:in `constantize'
  actionpack (4.2.0.beta2) lib/action_dispatch/routing/route_set.rb:68:in `controller_reference'
  actionpack (4.2.0.beta2) lib/action_dispatch/routing/route_set.rb:58:in `controller'
  actionpack (4.2.0.beta2) lib/action_dispatch/routing/route_set.rb:37:in `serve'
  actionpack (4.2.0.beta2) lib/action_dispatch/journey/router.rb:43:in `block in serve'
  actionpack (4.2.0.beta2) lib/action_dispatch/journey/router.rb:30:in `each'
  actionpack (4.2.0.beta2) lib/action_dispatch/journey/router.rb:30:in `serve'
  actionpack (4.2.0.beta2) lib/action_dispatch/routing/route_set.rb:750:in `call'
  rack (1.6.4) lib/rack/etag.rb:24:in `call'
  rack (1.6.4) lib/rack/conditionalget.rb:25:in `call'
  rack (1.6.4) lib/rack/head.rb:13:in `call'
  actionpack (4.2.0.beta2) lib/action_dispatch/middleware/params_parser.rb:27:in `call'
  actionpack (4.2.0.beta2) lib/action_dispatch/middleware/flash.rb:257:in `call'
  rack (1.6.4) lib/rack/session/abstract/id.rb:225:in `context'
  rack (1.6.4) lib/rack/session/abstract/id.rb:220:in `call'
  actionpack (4.2.0.beta2) lib/action_dispatch/middleware/cookies.rb:558:in `call'
  activerecord (4.2.0.beta2) lib/active_record/query_cache.rb:36:in `call'
  activerecord (4.2.0.beta2) lib/active_record/connection_adapters/abstract/connection_pool.rb:645:in `call'
  activerecord (4.2.0.beta2) lib/active_record/migration.rb:378:in `call'
  actionpack (4.2.0.beta2) lib/action_dispatch/middleware/callbacks.rb:29:in `block in call'
  activesupport (4.2.0.beta2) lib/active_support/callbacks.rb:83:in `run_callbacks'
  actionpack (4.2.0.beta2) lib/action_dispatch/middleware/callbacks.rb:27:in `call'
  actionpack (4.2.0.beta2) lib/action_dispatch/middleware/reloader.rb:73:in `call'
  actionpack (4.2.0.beta2) lib/action_dispatch/middleware/remote_ip.rb:78:in `call'
  web-console (2.0.0) lib/action_dispatch/debug_exceptions.rb:18:in `middleware_call'
  web-console (2.0.0) lib/action_dispatch/debug_exceptions.rb:13:in `call'
  actionpack (4.2.0.beta2) lib/action_dispatch/middleware/show_exceptions.rb:30:in `call'
  railties (4.2.0.beta2) lib/rails/rack/logger.rb:38:in `call_app'
  railties (4.2.0.beta2) lib/rails/rack/logger.rb:20:in `block in call'
  activesupport (4.2.0.beta2) lib/active_support/tagged_logging.rb:68:in `block in tagged'
  activesupport (4.2.0.beta2) lib/active_support/tagged_logging.rb:26:in `tagged'
  activesupport (4.2.0.beta2) lib/active_support/tagged_logging.rb:68:in `tagged'
  railties (4.2.0.beta2) lib/rails/rack/logger.rb:20:in `call'
  actionpack (4.2.0.beta2) lib/action_dispatch/middleware/request_id.rb:21:in `call'
  rack (1.6.4) lib/rack/methodoverride.rb:22:in `call'
  rack (1.6.4) lib/rack/runtime.rb:18:in `call'
  activesupport (4.2.0.beta2) lib/active_support/cache/strategy/local_cache_middleware.rb:28:in `call'
  rack (1.6.4) lib/rack/lock.rb:17:in `call'
  actionpack (4.2.0.beta2) lib/action_dispatch/middleware/static.rb:103:in `call'
  rack (1.6.4) lib/rack/sendfile.rb:113:in `call'
  railties (4.2.0.beta2) lib/rails/engine.rb:514:in `call'
  railties (4.2.0.beta2) lib/rails/application.rb:161:in `call'
  rack (1.6.4) lib/rack/lock.rb:17:in `call'
  rack (1.6.4) lib/rack/content_length.rb:15:in `call'
  rack (1.6.4) lib/rack/handler/webrick.rb:88:in `service'
  /usr/local/rvm/rubies/ruby-2.3.0/lib/ruby/2.3.0/webrick/httpserver.rb:140:in `service'
  /usr/local/rvm/rubies/ruby-2.3.0/lib/ruby/2.3.0/webrick/httpserver.rb:96:in `run'
  /usr/local/rvm/rubies/ruby-2.3.0/lib/ruby/2.3.0/webrick/server.rb:296:in `block in start_thread'


  Rendered /usr/local/rvm/gems/ruby-2.3.0/gems/web-console-2.0.0/lib/action_dispatch/templates/rescues/_source.erb (11.9ms)
  Rendered /usr/local/rvm/gems/ruby-2.3.0/gems/web-console-2.0.0/lib/action_dispatch/templates/rescues/_trace.html.erb (2.1ms)
  Rendered /usr/local/rvm/gems/ruby-2.3.0/gems/web-console-2.0.0/lib/action_dispatch/templates/rescues/_request_and_response.html.erb (1.7ms)
  Rendered /usr/local/rvm/gems/ruby-2.3.0/gems/web-console-2.0.0/lib/action_dispatch/templates/rescues/_web_console.html.erb (1.4ms)
  Rendered /usr/local/rvm/gems/ruby-2.3.0/gems/web-console-2.0.0/lib/action_dispatch/templates/rescues/diagnostics.html.erb within rescues/layout (128.1ms)


Started GET "/top" for 113.43.112.90 at 2016-03-25 05:21:45 +0000

RuntimeError (Circular dependency detected while autoloading constant HomeController):
  activesupport (4.2.0.beta2) lib/active_support/dependencies.rb:479:in `load_missing_constant'
  activesupport (4.2.0.beta2) lib/active_support/dependencies.rb:180:in `const_missing'
  activesupport (4.2.0.beta2) lib/active_support/inflector/methods.rb:261:in `const_get'
  activesupport (4.2.0.beta2) lib/active_support/inflector/methods.rb:261:in `block in constantize'
  activesupport (4.2.0.beta2) lib/active_support/inflector/methods.rb:259:in `each'
  activesupport (4.2.0.beta2) lib/active_support/inflector/methods.rb:259:in `inject'
  activesupport (4.2.0.beta2) lib/active_support/inflector/methods.rb:259:in `constantize'
  activesupport (4.2.0.beta2) lib/active_support/dependencies.rb:553:in `get'
  activesupport (4.2.0.beta2) lib/active_support/dependencies.rb:584:in `constantize'
  actionpack (4.2.0.beta2) lib/action_dispatch/routing/route_set.rb:68:in `controller_reference'
  actionpack (4.2.0.beta2) lib/action_dispatch/routing/route_set.rb:58:in `controller'
  actionpack (4.2.0.beta2) lib/action_dispatch/routing/route_set.rb:37:in `serve'
  actionpack (4.2.0.beta2) lib/action_dispatch/journey/router.rb:43:in `block in serve'
  actionpack (4.2.0.beta2) lib/action_dispatch/journey/router.rb:30:in `each'
  actionpack (4.2.0.beta2) lib/action_dispatch/journey/router.rb:30:in `serve'
  actionpack (4.2.0.beta2) lib/action_dispatch/routing/route_set.rb:750:in `call'
  rack (1.6.4) lib/rack/etag.rb:24:in `call'
  rack (1.6.4) lib/rack/conditionalget.rb:25:in `call'
  rack (1.6.4) lib/rack/head.rb:13:in `call'
  actionpack (4.2.0.beta2) lib/action_dispatch/middleware/params_parser.rb:27:in `call'
  actionpack (4.2.0.beta2) lib/action_dispatch/middleware/flash.rb:257:in `call'
  rack (1.6.4) lib/rack/session/abstract/id.rb:225:in `context'
  rack (1.6.4) lib/rack/session/abstract/id.rb:220:in `call'
  actionpack (4.2.0.beta2) lib/action_dispatch/middleware/cookies.rb:558:in `call'
  activerecord (4.2.0.beta2) lib/active_record/query_cache.rb:36:in `call'
  activerecord (4.2.0.beta2) lib/active_record/connection_adapters/abstract/connection_pool.rb:645:in `call'
  activerecord (4.2.0.beta2) lib/active_record/migration.rb:378:in `call'
  actionpack (4.2.0.beta2) lib/action_dispatch/middleware/callbacks.rb:29:in `block in call'
  activesupport (4.2.0.beta2) lib/active_support/callbacks.rb:83:in `run_callbacks'
  actionpack (4.2.0.beta2) lib/action_dispatch/middleware/callbacks.rb:27:in `call'
  actionpack (4.2.0.beta2) lib/action_dispatch/middleware/reloader.rb:73:in `call'
  actionpack (4.2.0.beta2) lib/action_dispatch/middleware/remote_ip.rb:78:in `call'
  web-console (2.0.0) lib/action_dispatch/debug_exceptions.rb:18:in `middleware_call'
  web-console (2.0.0) lib/action_dispatch/debug_exceptions.rb:13:in `call'
  actionpack (4.2.0.beta2) lib/action_dispatch/middleware/show_exceptions.rb:30:in `call'
  railties (4.2.0.beta2) lib/rails/rack/logger.rb:38:in `call_app'
  railties (4.2.0.beta2) lib/rails/rack/logger.rb:20:in `block in call'
  activesupport (4.2.0.beta2) lib/active_support/tagged_logging.rb:68:in `block in tagged'
  activesupport (4.2.0.beta2) lib/active_support/tagged_logging.rb:26:in `tagged'
  activesupport (4.2.0.beta2) lib/active_support/tagged_logging.rb:68:in `tagged'
  railties (4.2.0.beta2) lib/rails/rack/logger.rb:20:in `call'
  actionpack (4.2.0.beta2) lib/action_dispatch/middleware/request_id.rb:21:in `call'
  rack (1.6.4) lib/rack/methodoverride.rb:22:in `call'
  rack (1.6.4) lib/rack/runtime.rb:18:in `call'
  activesupport (4.2.0.beta2) lib/active_support/cache/strategy/local_cache_middleware.rb:28:in `call'
  rack (1.6.4) lib/rack/lock.rb:17:in `call'
  actionpack (4.2.0.beta2) lib/action_dispatch/middleware/static.rb:103:in `call'
  rack (1.6.4) lib/rack/sendfile.rb:113:in `call'
  railties (4.2.0.beta2) lib/rails/engine.rb:514:in `call'
  railties (4.2.0.beta2) lib/rails/application.rb:161:in `call'
  rack (1.6.4) lib/rack/lock.rb:17:in `call'
  rack (1.6.4) lib/rack/content_length.rb:15:in `call'
  rack (1.6.4) lib/rack/handler/webrick.rb:88:in `service'
  /usr/local/rvm/rubies/ruby-2.3.0/lib/ruby/2.3.0/webrick/httpserver.rb:140:in `service'
  /usr/local/rvm/rubies/ruby-2.3.0/lib/ruby/2.3.0/webrick/httpserver.rb:96:in `run'
  /usr/local/rvm/rubies/ruby-2.3.0/lib/ruby/2.3.0/webrick/server.rb:296:in `block in start_thread'


  Rendered /usr/local/rvm/gems/ruby-2.3.0/gems/web-console-2.0.0/lib/action_dispatch/templates/rescues/_source.erb (6.7ms)
  Rendered /usr/local/rvm/gems/ruby-2.3.0/gems/web-console-2.0.0/lib/action_dispatch/templates/rescues/_trace.html.erb (10.1ms)
  Rendered /usr/local/rvm/gems/ruby-2.3.0/gems/web-console-2.0.0/lib/action_dispatch/templates/rescues/_request_and_response.html.erb (1.4ms)
  Rendered /usr/local/rvm/gems/ruby-2.3.0/gems/web-console-2.0.0/lib/action_dispatch/templates/rescues/_web_console.html.erb (1.5ms)
  Rendered /usr/local/rvm/gems/ruby-2.3.0/gems/web-console-2.0.0/lib/action_dispatch/templates/rescues/diagnostics.html.erb within rescues/layout (121.2ms)


Started GET "/" for 113.43.112.90 at 2016-03-25 05:24:32 +0000
Processing by Rails::WelcomeController#index as HTML
  Rendered /usr/local/rvm/gems/ruby-2.3.0/gems/railties-4.2.0.beta2/lib/rails/templates/rails/welcome/index.html.erb (0.1ms)
Completed 200 OK in 3ms (Views: 2.8ms | ActiveRecord: 0.0ms)


Started GET "/top" for 113.43.112.90 at 2016-03-25 05:24:45 +0000

RuntimeError (Circular dependency detected while autoloading constant HomeController):
  activesupport (4.2.0.beta2) lib/active_support/dependencies.rb:479:in `load_missing_constant'
  activesupport (4.2.0.beta2) lib/active_support/dependencies.rb:180:in `const_missing'
  activesupport (4.2.0.beta2) lib/active_support/inflector/methods.rb:261:in `const_get'
  activesupport (4.2.0.beta2) lib/active_support/inflector/methods.rb:261:in `block in constantize'
  activesupport (4.2.0.beta2) lib/active_support/inflector/methods.rb:259:in `each'
  activesupport (4.2.0.beta2) lib/active_support/inflector/methods.rb:259:in `inject'
  activesupport (4.2.0.beta2) lib/active_support/inflector/methods.rb:259:in `constantize'
  activesupport (4.2.0.beta2) lib/active_support/dependencies.rb:553:in `get'
  activesupport (4.2.0.beta2) lib/active_support/dependencies.rb:584:in `constantize'
  actionpack (4.2.0.beta2) lib/action_dispatch/routing/route_set.rb:68:in `controller_reference'
  actionpack (4.2.0.beta2) lib/action_dispatch/routing/route_set.rb:58:in `controller'
  actionpack (4.2.0.beta2) lib/action_dispatch/routing/route_set.rb:37:in `serve'
  actionpack (4.2.0.beta2) lib/action_dispatch/journey/router.rb:43:in `block in serve'
  actionpack (4.2.0.beta2) lib/action_dispatch/journey/router.rb:30:in `each'
  actionpack (4.2.0.beta2) lib/action_dispatch/journey/router.rb:30:in `serve'
  actionpack (4.2.0.beta2) lib/action_dispatch/routing/route_set.rb:750:in `call'
  rack (1.6.4) lib/rack/etag.rb:24:in `call'
  rack (1.6.4) lib/rack/conditionalget.rb:25:in `call'
  rack (1.6.4) lib/rack/head.rb:13:in `call'
  actionpack (4.2.0.beta2) lib/action_dispatch/middleware/params_parser.rb:27:in `call'
  actionpack (4.2.0.beta2) lib/action_dispatch/middleware/flash.rb:257:in `call'
  rack (1.6.4) lib/rack/session/abstract/id.rb:225:in `context'
  rack (1.6.4) lib/rack/session/abstract/id.rb:220:in `call'
  actionpack (4.2.0.beta2) lib/action_dispatch/middleware/cookies.rb:558:in `call'
  activerecord (4.2.0.beta2) lib/active_record/query_cache.rb:36:in `call'
  activerecord (4.2.0.beta2) lib/active_record/connection_adapters/abstract/connection_pool.rb:645:in `call'
  activerecord (4.2.0.beta2) lib/active_record/migration.rb:378:in `call'
  actionpack (4.2.0.beta2) lib/action_dispatch/middleware/callbacks.rb:29:in `block in call'
  activesupport (4.2.0.beta2) lib/active_support/callbacks.rb:83:in `run_callbacks'
  actionpack (4.2.0.beta2) lib/action_dispatch/middleware/callbacks.rb:27:in `call'
  actionpack (4.2.0.beta2) lib/action_dispatch/middleware/reloader.rb:73:in `call'
  actionpack (4.2.0.beta2) lib/action_dispatch/middleware/remote_ip.rb:78:in `call'
  web-console (2.0.0) lib/action_dispatch/debug_exceptions.rb:18:in `middleware_call'
  web-console (2.0.0) lib/action_dispatch/debug_exceptions.rb:13:in `call'
  actionpack (4.2.0.beta2) lib/action_dispatch/middleware/show_exceptions.rb:30:in `call'
  railties (4.2.0.beta2) lib/rails/rack/logger.rb:38:in `call_app'
  railties (4.2.0.beta2) lib/rails/rack/logger.rb:20:in `block in call'
  activesupport (4.2.0.beta2) lib/active_support/tagged_logging.rb:68:in `block in tagged'
  activesupport (4.2.0.beta2) lib/active_support/tagged_logging.rb:26:in `tagged'
  activesupport (4.2.0.beta2) lib/active_support/tagged_logging.rb:68:in `tagged'
  railties (4.2.0.beta2) lib/rails/rack/logger.rb:20:in `call'
  actionpack (4.2.0.beta2) lib/action_dispatch/middleware/request_id.rb:21:in `call'
  rack (1.6.4) lib/rack/methodoverride.rb:22:in `call'
  rack (1.6.4) lib/rack/runtime.rb:18:in `call'
  activesupport (4.2.0.beta2) lib/active_support/cache/strategy/local_cache_middleware.rb:28:in `call'
  rack (1.6.4) lib/rack/lock.rb:17:in `call'
  actionpack (4.2.0.beta2) lib/action_dispatch/middleware/static.rb:103:in `call'
  rack (1.6.4) lib/rack/sendfile.rb:113:in `call'
  railties (4.2.0.beta2) lib/rails/engine.rb:514:in `call'
  railties (4.2.0.beta2) lib/rails/application.rb:161:in `call'
  rack (1.6.4) lib/rack/lock.rb:17:in `call'
  rack (1.6.4) lib/rack/content_length.rb:15:in `call'
  rack (1.6.4) lib/rack/handler/webrick.rb:88:in `service'
  /usr/local/rvm/rubies/ruby-2.3.0/lib/ruby/2.3.0/webrick/httpserver.rb:140:in `service'
  /usr/local/rvm/rubies/ruby-2.3.0/lib/ruby/2.3.0/webrick/httpserver.rb:96:in `run'
  /usr/local/rvm/rubies/ruby-2.3.0/lib/ruby/2.3.0/webrick/server.rb:296:in `block in start_thread'


  Rendered /usr/local/rvm/gems/ruby-2.3.0/gems/web-console-2.0.0/lib/action_dispatch/templates/rescues/_source.erb (13.0ms)
  Rendered /usr/local/rvm/gems/ruby-2.3.0/gems/web-console-2.0.0/lib/action_dispatch/templates/rescues/_trace.html.erb (3.3ms)
  Rendered /usr/local/rvm/gems/ruby-2.3.0/gems/web-console-2.0.0/lib/action_dispatch/templates/rescues/_request_and_response.html.erb (1.6ms)
  Rendered /usr/local/rvm/gems/ruby-2.3.0/gems/web-console-2.0.0/lib/action_dispatch/templates/rescues/_web_console.html.erb (1.5ms)
  Rendered /usr/local/rvm/gems/ruby-2.3.0/gems/web-console-2.0.0/lib/action_dispatch/templates/rescues/diagnostics.html.erb within rescues/layout (127.3ms)


Started GET "/top" for 113.43.112.90 at 2016-03-25 05:24:46 +0000

RuntimeError (Circular dependency detected while autoloading constant HomeController):
  activesupport (4.2.0.beta2) lib/active_support/dependencies.rb:479:in `load_missing_constant'
  activesupport (4.2.0.beta2) lib/active_support/dependencies.rb:180:in `const_missing'
  activesupport (4.2.0.beta2) lib/active_support/inflector/methods.rb:261:in `const_get'
  activesupport (4.2.0.beta2) lib/active_support/inflector/methods.rb:261:in `block in constantize'
  activesupport (4.2.0.beta2) lib/active_support/inflector/methods.rb:259:in `each'
  activesupport (4.2.0.beta2) lib/active_support/inflector/methods.rb:259:in `inject'
  activesupport (4.2.0.beta2) lib/active_support/inflector/methods.rb:259:in `constantize'
  activesupport (4.2.0.beta2) lib/active_support/dependencies.rb:553:in `get'
  activesupport (4.2.0.beta2) lib/active_support/dependencies.rb:584:in `constantize'
  actionpack (4.2.0.beta2) lib/action_dispatch/routing/route_set.rb:68:in `controller_reference'
  actionpack (4.2.0.beta2) lib/action_dispatch/routing/route_set.rb:58:in `controller'
  actionpack (4.2.0.beta2) lib/action_dispatch/routing/route_set.rb:37:in `serve'
  actionpack (4.2.0.beta2) lib/action_dispatch/journey/router.rb:43:in `block in serve'
  actionpack (4.2.0.beta2) lib/action_dispatch/journey/router.rb:30:in `each'
  actionpack (4.2.0.beta2) lib/action_dispatch/journey/router.rb:30:in `serve'
  actionpack (4.2.0.beta2) lib/action_dispatch/routing/route_set.rb:750:in `call'
  rack (1.6.4) lib/rack/etag.rb:24:in `call'
  rack (1.6.4) lib/rack/conditionalget.rb:25:in `call'
  rack (1.6.4) lib/rack/head.rb:13:in `call'
  actionpack (4.2.0.beta2) lib/action_dispatch/middleware/params_parser.rb:27:in `call'
  actionpack (4.2.0.beta2) lib/action_dispatch/middleware/flash.rb:257:in `call'
  rack (1.6.4) lib/rack/session/abstract/id.rb:225:in `context'
  rack (1.6.4) lib/rack/session/abstract/id.rb:220:in `call'
  actionpack (4.2.0.beta2) lib/action_dispatch/middleware/cookies.rb:558:in `call'
  activerecord (4.2.0.beta2) lib/active_record/query_cache.rb:36:in `call'
  activerecord (4.2.0.beta2) lib/active_record/connection_adapters/abstract/connection_pool.rb:645:in `call'
  activerecord (4.2.0.beta2) lib/active_record/migration.rb:378:in `call'
  actionpack (4.2.0.beta2) lib/action_dispatch/middleware/callbacks.rb:29:in `block in call'
  activesupport (4.2.0.beta2) lib/active_support/callbacks.rb:83:in `run_callbacks'
  actionpack (4.2.0.beta2) lib/action_dispatch/middleware/callbacks.rb:27:in `call'
  actionpack (4.2.0.beta2) lib/action_dispatch/middleware/reloader.rb:73:in `call'
  actionpack (4.2.0.beta2) lib/action_dispatch/middleware/remote_ip.rb:78:in `call'
  web-console (2.0.0) lib/action_dispatch/debug_exceptions.rb:18:in `middleware_call'
  web-console (2.0.0) lib/action_dispatch/debug_exceptions.rb:13:in `call'
  actionpack (4.2.0.beta2) lib/action_dispatch/middleware/show_exceptions.rb:30:in `call'
  railties (4.2.0.beta2) lib/rails/rack/logger.rb:38:in `call_app'
  railties (4.2.0.beta2) lib/rails/rack/logger.rb:20:in `block in call'
  activesupport (4.2.0.beta2) lib/active_support/tagged_logging.rb:68:in `block in tagged'
  activesupport (4.2.0.beta2) lib/active_support/tagged_logging.rb:26:in `tagged'
  activesupport (4.2.0.beta2) lib/active_support/tagged_logging.rb:68:in `tagged'
  railties (4.2.0.beta2) lib/rails/rack/logger.rb:20:in `call'
  actionpack (4.2.0.beta2) lib/action_dispatch/middleware/request_id.rb:21:in `call'
  rack (1.6.4) lib/rack/methodoverride.rb:22:in `call'
  rack (1.6.4) lib/rack/runtime.rb:18:in `call'
  activesupport (4.2.0.beta2) lib/active_support/cache/strategy/local_cache_middleware.rb:28:in `call'
  rack (1.6.4) lib/rack/lock.rb:17:in `call'
  actionpack (4.2.0.beta2) lib/action_dispatch/middleware/static.rb:103:in `call'
  rack (1.6.4) lib/rack/sendfile.rb:113:in `call'
  railties (4.2.0.beta2) lib/rails/engine.rb:514:in `call'
  railties (4.2.0.beta2) lib/rails/application.rb:161:in `call'
  rack (1.6.4) lib/rack/lock.rb:17:in `call'
  rack (1.6.4) lib/rack/content_length.rb:15:in `call'
  rack (1.6.4) lib/rack/handler/webrick.rb:88:in `service'
  /usr/local/rvm/rubies/ruby-2.3.0/lib/ruby/2.3.0/webrick/httpserver.rb:140:in `service'
  /usr/local/rvm/rubies/ruby-2.3.0/lib/ruby/2.3.0/webrick/httpserver.rb:96:in `run'
  /usr/local/rvm/rubies/ruby-2.3.0/lib/ruby/2.3.0/webrick/server.rb:296:in `block in start_thread'


  Rendered /usr/local/rvm/gems/ruby-2.3.0/gems/web-console-2.0.0/lib/action_dispatch/templates/rescues/_source.erb (4.4ms)
  Rendered /usr/local/rvm/gems/ruby-2.3.0/gems/web-console-2.0.0/lib/action_dispatch/templates/rescues/_trace.html.erb (2.9ms)
  Rendered /usr/local/rvm/gems/ruby-2.3.0/gems/web-console-2.0.0/lib/action_dispatch/templates/rescues/_request_and_response.html.erb (3.1ms)
  Rendered /usr/local/rvm/gems/ruby-2.3.0/gems/web-console-2.0.0/lib/action_dispatch/templates/rescues/_web_console.html.erb (1.5ms)
  Rendered /usr/local/rvm/gems/ruby-2.3.0/gems/web-console-2.0.0/lib/action_dispatch/templates/rescues/diagnostics.html.erb within rescues/layout (143.4ms)


Started GET "/top" for 113.43.112.90 at 2016-03-25 05:28:34 +0000
Processing by HomeController#top as HTML
Completed 500 Internal Server Error in 10ms

ActionView::MissingTemplate (Missing template home/top, application/top with {:locale=>[:en], :formats=>[:html], :variants=>[], :handlers=>[:erb, :builder, :raw, :ruby, :coffee, :jbuilder]}. Searched in:
  * "/usr/local/rvm/gems/ruby-2.3.0/gems/web-console-2.0.0/lib/action_dispatch/templates"
  * "/home/ubuntu/workspace/app/views"
):
  actionview (4.2.0.beta2) lib/action_view/path_set.rb:46:in `find'
  actionview (4.2.0.beta2) lib/action_view/lookup_context.rb:121:in `find'
  actionview (4.2.0.beta2) lib/action_view/renderer/abstract_renderer.rb:18:in `find_template'
  actionview (4.2.0.beta2) lib/action_view/renderer/template_renderer.rb:40:in `determine_template'
  actionview (4.2.0.beta2) lib/action_view/renderer/template_renderer.rb:8:in `render'
  actionview (4.2.0.beta2) lib/action_view/renderer/renderer.rb:42:in `render_template'
  actionview (4.2.0.beta2) lib/action_view/renderer/renderer.rb:23:in `render'
  actionview (4.2.0.beta2) lib/action_view/rendering.rb:100:in `_render_template'
  actionpack (4.2.0.beta2) lib/action_controller/metal/streaming.rb:217:in `_render_template'
  actionview (4.2.0.beta2) lib/action_view/rendering.rb:83:in `render_to_body'
  actionpack (4.2.0.beta2) lib/action_controller/metal/rendering.rb:32:in `render_to_body'
  actionpack (4.2.0.beta2) lib/action_controller/metal/renderers.rb:37:in `render_to_body'
  actionpack (4.2.0.beta2) lib/abstract_controller/rendering.rb:25:in `render'
  actionpack (4.2.0.beta2) lib/action_controller/metal/rendering.rb:16:in `render'
  actionpack (4.2.0.beta2) lib/action_controller/metal/instrumentation.rb:41:in `block (2 levels) in render'
  activesupport (4.2.0.beta2) lib/active_support/core_ext/benchmark.rb:12:in `block in ms'
  /usr/local/rvm/rubies/ruby-2.3.0/lib/ruby/2.3.0/benchmark.rb:308:in `realtime'
  activesupport (4.2.0.beta2) lib/active_support/core_ext/benchmark.rb:12:in `ms'
  actionpack (4.2.0.beta2) lib/action_controller/metal/instrumentation.rb:41:in `block in render'
  actionpack (4.2.0.beta2) lib/action_controller/metal/instrumentation.rb:84:in `cleanup_view_runtime'
  activerecord (4.2.0.beta2) lib/active_record/railties/controller_runtime.rb:25:in `cleanup_view_runtime'
  actionpack (4.2.0.beta2) lib/action_controller/metal/instrumentation.rb:40:in `render'
  actionpack (4.2.0.beta2) lib/action_controller/metal/implicit_render.rb:10:in `default_render'
  actionpack (4.2.0.beta2) lib/action_controller/metal/implicit_render.rb:5:in `send_action'
  actionpack (4.2.0.beta2) lib/abstract_controller/base.rb:198:in `process_action'
  actionpack (4.2.0.beta2) lib/action_controller/metal/rendering.rb:10:in `process_action'
  actionpack (4.2.0.beta2) lib/abstract_controller/callbacks.rb:20:in `block in process_action'
  activesupport (4.2.0.beta2) lib/active_support/callbacks.rb:114:in `call'
  activesupport (4.2.0.beta2) lib/active_support/callbacks.rb:231:in `block in halting'
  activesupport (4.2.0.beta2) lib/active_support/callbacks.rb:231:in `block in halting'
  activesupport (4.2.0.beta2) lib/active_support/callbacks.rb:166:in `block in halting'
  activesupport (4.2.0.beta2) lib/active_support/callbacks.rb:166:in `block in halting'
  activesupport (4.2.0.beta2) lib/active_support/callbacks.rb:231:in `block in halting'
  activesupport (4.2.0.beta2) lib/active_support/callbacks.rb:166:in `block in halting'
  activesupport (4.2.0.beta2) lib/active_support/callbacks.rb:87:in `run_callbacks'
  actionpack (4.2.0.beta2) lib/abstract_controller/callbacks.rb:19:in `process_action'
  actionpack (4.2.0.beta2) lib/action_controller/metal/rescue.rb:29:in `process_action'
  actionpack (4.2.0.beta2) lib/action_controller/metal/instrumentation.rb:31:in `block in process_action'
  activesupport (4.2.0.beta2) lib/active_support/notifications.rb:164:in `block in instrument'
  activesupport (4.2.0.beta2) lib/active_support/notifications/instrumenter.rb:20:in `instrument'
  activesupport (4.2.0.beta2) lib/active_support/notifications.rb:164:in `instrument'
  actionpack (4.2.0.beta2) lib/action_controller/metal/instrumentation.rb:30:in `process_action'
  actionpack (4.2.0.beta2) lib/action_controller/metal/params_wrapper.rb:250:in `process_action'
  activerecord (4.2.0.beta2) lib/active_record/railties/controller_runtime.rb:18:in `process_action'
  actionpack (4.2.0.beta2) lib/abstract_controller/base.rb:137:in `process'
  actionview (4.2.0.beta2) lib/action_view/rendering.rb:30:in `process'
  actionpack (4.2.0.beta2) lib/action_controller/metal.rb:195:in `dispatch'
  actionpack (4.2.0.beta2) lib/action_controller/metal/rack_delegation.rb:13:in `dispatch'
  actionpack (4.2.0.beta2) lib/action_controller/metal.rb:236:in `block in action'
  actionpack (4.2.0.beta2) lib/action_dispatch/routing/route_set.rb:72:in `dispatch'
  actionpack (4.2.0.beta2) lib/action_dispatch/routing/route_set.rb:41:in `serve'
  actionpack (4.2.0.beta2) lib/action_dispatch/journey/router.rb:43:in `block in serve'
  actionpack (4.2.0.beta2) lib/action_dispatch/journey/router.rb:30:in `each'
  actionpack (4.2.0.beta2) lib/action_dispatch/journey/router.rb:30:in `serve'
  actionpack (4.2.0.beta2) lib/action_dispatch/routing/route_set.rb:750:in `call'
  rack (1.6.4) lib/rack/etag.rb:24:in `call'
  rack (1.6.4) lib/rack/conditionalget.rb:25:in `call'
  rack (1.6.4) lib/rack/head.rb:13:in `call'
  actionpack (4.2.0.beta2) lib/action_dispatch/middleware/params_parser.rb:27:in `call'
  actionpack (4.2.0.beta2) lib/action_dispatch/middleware/flash.rb:257:in `call'
  rack (1.6.4) lib/rack/session/abstract/id.rb:225:in `context'
  rack (1.6.4) lib/rack/session/abstract/id.rb:220:in `call'
  actionpack (4.2.0.beta2) lib/action_dispatch/middleware/cookies.rb:558:in `call'
  activerecord (4.2.0.beta2) lib/active_record/query_cache.rb:36:in `call'
  activerecord (4.2.0.beta2) lib/active_record/connection_adapters/abstract/connection_pool.rb:645:in `call'
  activerecord (4.2.0.beta2) lib/active_record/migration.rb:378:in `call'
  actionpack (4.2.0.beta2) lib/action_dispatch/middleware/callbacks.rb:29:in `block in call'
  activesupport (4.2.0.beta2) lib/active_support/callbacks.rb:83:in `run_callbacks'
  actionpack (4.2.0.beta2) lib/action_dispatch/middleware/callbacks.rb:27:in `call'
  actionpack (4.2.0.beta2) lib/action_dispatch/middleware/reloader.rb:73:in `call'
  actionpack (4.2.0.beta2) lib/action_dispatch/middleware/remote_ip.rb:78:in `call'
  web-console (2.0.0) lib/action_dispatch/debug_exceptions.rb:18:in `middleware_call'
  web-console (2.0.0) lib/action_dispatch/debug_exceptions.rb:13:in `call'
  actionpack (4.2.0.beta2) lib/action_dispatch/middleware/show_exceptions.rb:30:in `call'
  railties (4.2.0.beta2) lib/rails/rack/logger.rb:38:in `call_app'
  railties (4.2.0.beta2) lib/rails/rack/logger.rb:20:in `block in call'
  activesupport (4.2.0.beta2) lib/active_support/tagged_logging.rb:68:in `block in tagged'
  activesupport (4.2.0.beta2) lib/active_support/tagged_logging.rb:26:in `tagged'
  activesupport (4.2.0.beta2) lib/active_support/tagged_logging.rb:68:in `tagged'
  railties (4.2.0.beta2) lib/rails/rack/logger.rb:20:in `call'
  actionpack (4.2.0.beta2) lib/action_dispatch/middleware/request_id.rb:21:in `call'
  rack (1.6.4) lib/rack/methodoverride.rb:22:in `call'
  rack (1.6.4) lib/rack/runtime.rb:18:in `call'
  activesupport (4.2.0.beta2) lib/active_support/cache/strategy/local_cache_middleware.rb:28:in `call'
  rack (1.6.4) lib/rack/lock.rb:17:in `call'
  actionpack (4.2.0.beta2) lib/action_dispatch/middleware/static.rb:103:in `call'
  rack (1.6.4) lib/rack/sendfile.rb:113:in `call'
  railties (4.2.0.beta2) lib/rails/engine.rb:514:in `call'
  railties (4.2.0.beta2) lib/rails/application.rb:161:in `call'
  rack (1.6.4) lib/rack/lock.rb:17:in `call'
  rack (1.6.4) lib/rack/content_length.rb:15:in `call'
  rack (1.6.4) lib/rack/handler/webrick.rb:88:in `service'
  /usr/local/rvm/rubies/ruby-2.3.0/lib/ruby/2.3.0/webrick/httpserver.rb:140:in `service'
  /usr/local/rvm/rubies/ruby-2.3.0/lib/ruby/2.3.0/webrick/httpserver.rb:96:in `run'
  /usr/local/rvm/rubies/ruby-2.3.0/lib/ruby/2.3.0/webrick/server.rb:296:in `block in start_thread'


  Rendered /usr/local/rvm/gems/ruby-2.3.0/gems/web-console-2.0.0/lib/action_dispatch/templates/rescues/_source.erb (11.5ms)
  Rendered /usr/local/rvm/gems/ruby-2.3.0/gems/web-console-2.0.0/lib/action_dispatch/templates/rescues/_trace.html.erb (3.9ms)
  Rendered /usr/local/rvm/gems/ruby-2.3.0/gems/web-console-2.0.0/lib/action_dispatch/templates/rescues/_request_and_response.html.erb (1.2ms)
  Rendered /usr/local/rvm/gems/ruby-2.3.0/gems/web-console-2.0.0/lib/action_dispatch/templates/rescues/_web_console.html.erb (1.7ms)
  Rendered /usr/local/rvm/gems/ruby-2.3.0/gems/web-console-2.0.0/lib/action_dispatch/templates/rescues/missing_template.html.erb within rescues/layout (166.7ms)


Started GET "/top" for 113.43.112.90 at 2016-03-25 05:30:27 +0000
Processing by HomeController#top as HTML
  Rendered home/top.html.erb within layouts/application (0.8ms)
Completed 200 OK in 2447ms (Views: 2446.3ms | ActiveRecord: 0.0ms)


Started GET "/assets/jquery.self-4c7649dd655c61cb850cfd2e71f937c3bbf3e3a752a3499ed8bb9884473fe1dd.js?body=1" for 113.43.112.90 at 2016-03-25 05:30:30 +0000


Started GET "/assets/application.self-565a90fd247bd9ef75cf5f71be1e11e37c3ad80695d8bdfb331fe844afbe0a9e.css?body=1" for 113.43.112.90 at 2016-03-25 05:30:30 +0000


Started GET "/assets/turbolinks.self-c37727e9bd6b2735da5c311aa83fead54ed0be6cc8bd9a65309e9c5abe2cbfff.js?body=1" for 113.43.112.90 at 2016-03-25 05:30:30 +0000


Started GET "/assets/application.self-85a3df08aab34bc6a22c0cf18bd349b5a3fda5edca3e6dead5e0390446173b12.js?body=1" for 113.43.112.90 at 2016-03-25 05:30:30 +0000


Started GET "/assets/jquery_ujs.self-7551f3212860c6b103730601ff759a4eb7ae7f3469774a48f52d51ba5fd0a0b3.js?body=1" for 113.43.112.90 at 2016-03-25 05:30:30 +0000
